Analysis & Synthesis report for FCTarc03
Mon Jul 17 15:55:36 2017
Quartus II Version 9.0 Build 132 02/25/2009 SJ Web Edition


---------------------
; Table of Contents ;
---------------------
  1. Legal Notice
  2. Analysis & Synthesis Summary
  3. Analysis & Synthesis Settings
  4. Analysis & Synthesis Source Files Read
  5. Analysis & Synthesis Resource Usage Summary
  6. Analysis & Synthesis Resource Utilization by Entity
  7. General Register Statistics
  8. Multiplexer Restructuring Statistics (Restructuring Performed)
  9. Source assignments for ic2b:inst9|lpm_counter:lpm_counter_component
 10. Parameter Settings for User Entity Instance: ic2b:inst9|lpm_counter:lpm_counter_component
 11. Analysis & Synthesis Messages



----------------
; Legal Notice ;
----------------
Copyright (C) 1991-2009 Altera Corporation
Your use of Altera Corporation's design tools, logic functions 
and other software and tools, and its AMPP partner logic 
functions, and any output files from any of the foregoing 
(including device programming or simulation files), and any 
associated documentation or information are expressly subject 
to the terms and conditions of the Altera Program License 
Subscription Agreement, Altera MegaCore Function License 
Agreement, or other applicable license agreement, including, 
without limitation, that your use is for the sole purpose of 
programming logic devices manufactured by Altera and sold by 
Altera or its authorized distributors.  Please refer to the 
applicable agreement for further details.



+------------------------------------------------------------------------------+
; Analysis & Synthesis Summary                                                 ;
+------------------------------------+-----------------------------------------+
; Analysis & Synthesis Status        ; Successful - Mon Jul 17 15:55:36 2017   ;
; Quartus II Version                 ; 9.0 Build 132 02/25/2009 SJ Web Edition ;
; Revision Name                      ; FCTarc03                                ;
; Top-level Entity Name              ; FCTarc03                                ;
; Family                             ; Cyclone III                             ;
; Total logic elements               ; 27                                      ;
;     Total combinational functions  ; 11                                      ;
;     Dedicated logic registers      ; 25                                      ;
; Total registers                    ; 25                                      ;
; Total pins                         ; 9                                       ;
; Total virtual pins                 ; 0                                       ;
; Total memory bits                  ; 0                                       ;
; Embedded Multiplier 9-bit elements ; 0                                       ;
; Total PLLs                         ; 0                                       ;
+------------------------------------+-----------------------------------------+


+----------------------------------------------------------------------------------------------------------+
; Analysis & Synthesis Settings                                                                            ;
+----------------------------------------------------------------+--------------------+--------------------+
; Option                                                         ; Setting            ; Default Value      ;
+----------------------------------------------------------------+--------------------+--------------------+
; Device                                                         ; EP3C16F484C6       ;                    ;
; Top-level entity name                                          ; FCTarc03           ; FCTarc03           ;
; Family name                                                    ; Cyclone III        ; Stratix II         ;
; Use Generated Physical Constraints File                        ; Off                ;                    ;
; Use smart compilation                                          ; Off                ; Off                ;
; Restructure Multiplexers                                       ; Auto               ; Auto               ;
; Create Debugging Nodes for IP Cores                            ; Off                ; Off                ;
; Preserve fewer node names                                      ; On                 ; On                 ;
; Disable OpenCore Plus hardware evaluation                      ; Off                ; Off                ;
; Verilog Version                                                ; Verilog_2001       ; Verilog_2001       ;
; VHDL Version                                                   ; VHDL93             ; VHDL93             ;
; State Machine Processing                                       ; Auto               ; Auto               ;
; Safe State Machine                                             ; Off                ; Off                ;
; Extract Verilog State Machines                                 ; On                 ; On                 ;
; Extract VHDL State Machines                                    ; On                 ; On                 ;
; Ignore Verilog initial constructs                              ; Off                ; Off                ;
; Iteration limit for constant Verilog loops                     ; 5000               ; 5000               ;
; Iteration limit for non-constant Verilog loops                 ; 250                ; 250                ;
; Add Pass-Through Logic to Inferred RAMs                        ; On                 ; On                 ;
; Parallel Synthesis                                             ; Off                ; Off                ;
; DSP Block Balancing                                            ; Auto               ; Auto               ;
; NOT Gate Push-Back                                             ; On                 ; On                 ;
; Power-Up Don't Care                                            ; On                 ; On                 ;
; Remove Redundant Logic Cells                                   ; Off                ; Off                ;
; Remove Duplicate Registers                                     ; On                 ; On                 ;
; Ignore CARRY Buffers                                           ; Off                ; Off                ;
; Ignore CASCADE Buffers                                         ; Off                ; Off                ;
; Ignore GLOBAL Buffers                                          ; Off                ; Off                ;
; Ignore ROW GLOBAL Buffers                                      ; Off                ; Off                ;
; Ignore LCELL Buffers                                           ; Off                ; Off                ;
; Ignore SOFT Buffers                                            ; On                 ; On                 ;
; Limit AHDL Integers to 32 Bits                                 ; Off                ; Off                ;
; Optimization Technique                                         ; Balanced           ; Balanced           ;
; Carry Chain Length                                             ; 70                 ; 70                 ;
; Auto Carry Chains                                              ; On                 ; On                 ;
; Auto Open-Drain Pins                                           ; On                 ; On                 ;
; Perform WYSIWYG Primitive Resynthesis                          ; Off                ; Off                ;
; Auto ROM Replacement                                           ; On                 ; On                 ;
; Auto RAM Replacement                                           ; On                 ; On                 ;
; Auto DSP Block Replacement                                     ; On                 ; On                 ;
; Auto Shift Register Replacement                                ; Auto               ; Auto               ;
; Auto Clock Enable Replacement                                  ; On                 ; On                 ;
; Strict RAM Replacement                                         ; Off                ; Off                ;
; Allow Synchronous Control Signals                              ; On                 ; On                 ;
; Force Use of Synchronous Clear Signals                         ; Off                ; Off                ;
; Auto RAM Block Balancing                                       ; On                 ; On                 ;
; Auto RAM to Logic Cell Conversion                              ; Off                ; Off                ;
; Auto Resource Sharing                                          ; Off                ; Off                ;
; Allow Any RAM Size For Recognition                             ; Off                ; Off                ;
; Allow Any ROM Size For Recognition                             ; Off                ; Off                ;
; Allow Any Shift Register Size For Recognition                  ; Off                ; Off                ;
; Use LogicLock Constraints during Resource Balancing            ; On                 ; On                 ;
; Ignore translate_off and synthesis_off directives              ; Off                ; Off                ;
; Timing-Driven Synthesis                                        ; Off                ; Off                ;
; Show Parameter Settings Tables in Synthesis Report             ; On                 ; On                 ;
; Ignore Maximum Fan-Out Assignments                             ; Off                ; Off                ;
; Synchronization Register Chain Length                          ; 2                  ; 2                  ;
; PowerPlay Power Optimization                                   ; Normal compilation ; Normal compilation ;
; HDL message level                                              ; Level2             ; Level2             ;
; Suppress Register Optimization Related Messages                ; Off                ; Off                ;
; Number of Removed Registers Reported in Synthesis Report       ; 100                ; 100                ;
; Number of Inverted Registers Reported in Synthesis Report      ; 100                ; 100                ;
; Clock MUX Protection                                           ; On                 ; On                 ;
; Auto Gated Clock Conversion                                    ; Off                ; Off                ;
; Block Design Naming                                            ; Auto               ; Auto               ;
; SDC constraint protection                                      ; Off                ; Off                ;
; Synthesis Effort                                               ; Auto               ; Auto               ;
; Allows Asynchronous Clear Usage For Shift Register Replacement ; On                 ; On                 ;
; Analysis & Synthesis Message Level                             ; Medium             ; Medium             ;
+----------------------------------------------------------------+--------------------+--------------------+


+----------------------------------------------------------------------------------------------------------------------------------------------------------------------+
; Analysis & Synthesis Source Files Read                                                                                                                               ;
+----------------------------------+-----------------+------------------------------------------+----------------------------------------------------------------------+
; File Name with User-Entered Path ; Used in Netlist ; File Type                                ; File Name with Absolute Path                                         ;
+----------------------------------+-----------------+------------------------------------------+----------------------------------------------------------------------+
; FCTarc03.bdf                     ; yes             ; User Block Diagram/Schematic File        ; C:/Users/cc161255698/Desktop/FCTarc03/FCTarc03.bdf                   ;
; acc2b.bdf                        ; yes             ; Auto-Found Block Diagram/Schematic File  ; C:/Users/cc161255698/Desktop/FCTarc03/acc2b.bdf                      ;
; registrador.bdf                  ; yes             ; Auto-Found Block Diagram/Schematic File  ; C:/Users/cc161255698/Desktop/FCTarc03/registrador.bdf                ;
; ula2b.bdf                        ; yes             ; Auto-Found Block Diagram/Schematic File  ; C:/Users/cc161255698/Desktop/FCTarc03/ula2b.bdf                      ;
; somador2bit.bdf                  ; yes             ; Auto-Found Block Diagram/Schematic File  ; C:/Users/cc161255698/Desktop/FCTarc03/somador2bit.bdf                ;
; a2b.bdf                          ; yes             ; Auto-Found Block Diagram/Schematic File  ; C:/Users/cc161255698/Desktop/FCTarc03/a2b.bdf                        ;
; mdr6b.bdf                        ; yes             ; Auto-Found Block Diagram/Schematic File  ; C:/Users/cc161255698/Desktop/FCTarc03/mdr6b.bdf                      ;
; mir8b.bdf                        ; yes             ; Auto-Found Block Diagram/Schematic File  ; C:/Users/cc161255698/Desktop/FCTarc03/mir8b.bdf                      ;
; cu2b.vhd                         ; yes             ; Auto-Found VHDL File                     ; C:/Users/cc161255698/Desktop/FCTarc03/cu2b.vhd                       ;
; ir2b.bdf                         ; yes             ; Auto-Found Block Diagram/Schematic File  ; C:/Users/cc161255698/Desktop/FCTarc03/ir2b.bdf                       ;
; b2b.bdf                          ; yes             ; Auto-Found Block Diagram/Schematic File  ; C:/Users/cc161255698/Desktop/FCTarc03/b2b.bdf                        ;
; rom2b.vhd                        ; yes             ; Auto-Found VHDL File                     ; C:/Users/cc161255698/Desktop/FCTarc03/rom2b.vhd                      ;
; mar2b.bdf                        ; yes             ; Auto-Found Block Diagram/Schematic File  ; C:/Users/cc161255698/Desktop/FCTarc03/mar2b.bdf                      ;
; ic2b.vhd                         ; yes             ; Auto-Found Wizard-Generated File         ; C:/Users/cc161255698/Desktop/FCTarc03/ic2b.vhd                       ;
; lpm_counter.tdf                  ; yes             ; Megafunction                             ; c:/altera/90/quartus/libraries/megafunctions/lpm_counter.tdf         ;
; lpm_constant.inc                 ; yes             ; Megafunction                             ; c:/altera/90/quartus/libraries/megafunctions/lpm_constant.inc        ;
; lpm_decode.inc                   ; yes             ; Megafunction                             ; c:/altera/90/quartus/libraries/megafunctions/lpm_decode.inc          ;
; lpm_add_sub.inc                  ; yes             ; Megafunction                             ; c:/altera/90/quartus/libraries/megafunctions/lpm_add_sub.inc         ;
; cmpconst.inc                     ; yes             ; Megafunction                             ; c:/altera/90/quartus/libraries/megafunctions/cmpconst.inc            ;
; lpm_compare.inc                  ; yes             ; Megafunction                             ; c:/altera/90/quartus/libraries/megafunctions/lpm_compare.inc         ;
; lpm_counter.inc                  ; yes             ; Megafunction                             ; c:/altera/90/quartus/libraries/megafunctions/lpm_counter.inc         ;
; dffeea.inc                       ; yes             ; Megafunction                             ; c:/altera/90/quartus/libraries/megafunctions/dffeea.inc              ;
; alt_synch_counter.inc            ; yes             ; Megafunction                             ; c:/altera/90/quartus/libraries/megafunctions/alt_synch_counter.inc   ;
; alt_synch_counter_f.inc          ; yes             ; Megafunction                             ; c:/altera/90/quartus/libraries/megafunctions/alt_synch_counter_f.inc ;
; alt_counter_f10ke.inc            ; yes             ; Megafunction                             ; c:/altera/90/quartus/libraries/megafunctions/alt_counter_f10ke.inc   ;
; alt_counter_stratix.inc          ; yes             ; Megafunction                             ; c:/altera/90/quartus/libraries/megafunctions/alt_counter_stratix.inc ;
; aglobal90.inc                    ; yes             ; Megafunction                             ; c:/altera/90/quartus/libraries/megafunctions/aglobal90.inc           ;
; db/cntr_16i.tdf                  ; yes             ; Auto-Generated Megafunction              ; C:/Users/cc161255698/Desktop/FCTarc03/db/cntr_16i.tdf                ;
+----------------------------------+-----------------+------------------------------------------+----------------------------------------------------------------------+


+-----------------------------------------------------------+
; Analysis & Synthesis Resource Usage Summary               ;
+---------------------------------------------+-------------+
; Resource                                    ; Usage       ;
+---------------------------------------------+-------------+
; Estimated Total logic elements              ; 27          ;
;                                             ;             ;
; Total combinational functions               ; 11          ;
; Logic element usage by number of LUT inputs ;             ;
;     -- 4 input functions                    ; 1           ;
;     -- 3 input functions                    ; 0           ;
;     -- <=2 input functions                  ; 10          ;
;                                             ;             ;
; Logic elements by mode                      ;             ;
;     -- normal mode                          ; 10          ;
;     -- arithmetic mode                      ; 1           ;
;                                             ;             ;
; Total registers                             ; 25          ;
;     -- Dedicated logic registers            ; 25          ;
;     -- I/O registers                        ; 0           ;
;                                             ;             ;
; I/O pins                                    ; 9           ;
; Maximum fan-out node                        ; reset~input ;
; Maximum fan-out                             ; 20          ;
; Total fan-out                               ; 121         ;
; Average fan-out                             ; 2.05        ;
+---------------------------------------------+-------------+


+-------------------------------------------------------------------------------------------------------------------------------------------------------------------------------------------------------------------------------------------------------+
; Analysis & Synthesis Resource Utilization by Entity                                                                                                                                                                                                   ;
+-------------------------------------------+-------------------+--------------+-------------+--------------+---------+-----------+------+--------------+--------------------------------------------------------------------------------+--------------+
; Compilation Hierarchy Node                ; LC Combinationals ; LC Registers ; Memory Bits ; DSP Elements ; DSP 9x9 ; DSP 18x18 ; Pins ; Virtual Pins ; Full Hierarchy Name                                                            ; Library Name ;
+-------------------------------------------+-------------------+--------------+-------------+--------------+---------+-----------+------+--------------+--------------------------------------------------------------------------------+--------------+
; |FCTarc03                                 ; 11 (1)            ; 25 (0)       ; 0           ; 0            ; 0       ; 0         ; 9    ; 0            ; |FCTarc03                                                                      ; work         ;
;    |a2b:inst2|                            ; 0 (0)             ; 2 (0)        ; 0           ; 0            ; 0       ; 0         ; 0    ; 0            ; |FCTarc03|a2b:inst2                                                            ; work         ;
;       |registrador:inst|                  ; 0 (0)             ; 2 (2)        ; 0           ; 0            ; 0       ; 0         ; 0    ; 0            ; |FCTarc03|a2b:inst2|registrador:inst                                           ; work         ;
;    |acc2b:inst1|                          ; 0 (0)             ; 2 (0)        ; 0           ; 0            ; 0       ; 0         ; 0    ; 0            ; |FCTarc03|acc2b:inst1                                                          ; work         ;
;       |registrador:inst|                  ; 0 (0)             ; 2 (2)        ; 0           ; 0            ; 0       ; 0         ; 0    ; 0            ; |FCTarc03|acc2b:inst1|registrador:inst                                         ; work         ;
;    |b2b:inst3|                            ; 0 (0)             ; 2 (0)        ; 0           ; 0            ; 0       ; 0         ; 0    ; 0            ; |FCTarc03|b2b:inst3                                                            ; work         ;
;       |registrador:inst|                  ; 0 (0)             ; 2 (2)        ; 0           ; 0            ; 0       ; 0         ; 0    ; 0            ; |FCTarc03|b2b:inst3|registrador:inst                                           ; work         ;
;    |cu2b:inst10|                          ; 4 (4)             ; 0 (0)        ; 0           ; 0            ; 0       ; 0         ; 0    ; 0            ; |FCTarc03|cu2b:inst10                                                          ; work         ;
;    |ic2b:inst9|                           ; 2 (0)             ; 2 (0)        ; 0           ; 0            ; 0       ; 0         ; 0    ; 0            ; |FCTarc03|ic2b:inst9                                                           ; work         ;
;       |lpm_counter:lpm_counter_component| ; 2 (0)             ; 2 (0)        ; 0           ; 0            ; 0       ; 0         ; 0    ; 0            ; |FCTarc03|ic2b:inst9|lpm_counter:lpm_counter_component                         ; work         ;
;          |cntr_16i:auto_generated|        ; 2 (2)             ; 2 (2)        ; 0           ; 0            ; 0       ; 0         ; 0    ; 0            ; |FCTarc03|ic2b:inst9|lpm_counter:lpm_counter_component|cntr_16i:auto_generated ; work         ;
;    |ir2b:inst8|                           ; 0 (0)             ; 2 (0)        ; 0           ; 0            ; 0       ; 0         ; 0    ; 0            ; |FCTarc03|ir2b:inst8                                                           ; work         ;
;       |registrador:inst|                  ; 0 (0)             ; 2 (2)        ; 0           ; 0            ; 0       ; 0         ; 0    ; 0            ; |FCTarc03|ir2b:inst8|registrador:inst                                          ; work         ;
;    |mar2b:inst7|                          ; 0 (0)             ; 2 (0)        ; 0           ; 0            ; 0       ; 0         ; 0    ; 0            ; |FCTarc03|mar2b:inst7                                                          ; work         ;
;       |registrador:inst|                  ; 0 (0)             ; 2 (2)        ; 0           ; 0            ; 0       ; 0         ; 0    ; 0            ; |FCTarc03|mar2b:inst7|registrador:inst                                         ; work         ;
;    |mdr6b:inst4|                          ; 0 (0)             ; 5 (0)        ; 0           ; 0            ; 0       ; 0         ; 0    ; 0            ; |FCTarc03|mdr6b:inst4                                                          ; work         ;
;       |registrador:inst1|                 ; 0 (0)             ; 2 (2)        ; 0           ; 0            ; 0       ; 0         ; 0    ; 0            ; |FCTarc03|mdr6b:inst4|registrador:inst1                                        ; work         ;
;       |registrador:inst2|                 ; 0 (0)             ; 2 (2)        ; 0           ; 0            ; 0       ; 0         ; 0    ; 0            ; |FCTarc03|mdr6b:inst4|registrador:inst2                                        ; work         ;
;       |registrador:inst|                  ; 0 (0)             ; 1 (1)        ; 0           ; 0            ; 0       ; 0         ; 0    ; 0            ; |FCTarc03|mdr6b:inst4|registrador:inst                                         ; work         ;
;    |mir8b:inst13|                         ; 1 (0)             ; 8 (0)        ; 0           ; 0            ; 0       ; 0         ; 0    ; 0            ; |FCTarc03|mir8b:inst13                                                         ; work         ;
;       |registrador:inst1|                 ; 0 (0)             ; 2 (2)        ; 0           ; 0            ; 0       ; 0         ; 0    ; 0            ; |FCTarc03|mir8b:inst13|registrador:inst1                                       ; work         ;
;       |registrador:inst2|                 ; 0 (0)             ; 2 (2)        ; 0           ; 0            ; 0       ; 0         ; 0    ; 0            ; |FCTarc03|mir8b:inst13|registrador:inst2                                       ; work         ;
;       |registrador:inst3|                 ; 0 (0)             ; 2 (2)        ; 0           ; 0            ; 0       ; 0         ; 0    ; 0            ; |FCTarc03|mir8b:inst13|registrador:inst3                                       ; work         ;
;       |registrador:inst|                  ; 1 (1)             ; 2 (2)        ; 0           ; 0            ; 0       ; 0         ; 0    ; 0            ; |FCTarc03|mir8b:inst13|registrador:inst                                        ; work         ;
;    |rom2b:inst5|                          ; 1 (1)             ; 0 (0)        ; 0           ; 0            ; 0       ; 0         ; 0    ; 0            ; |FCTarc03|rom2b:inst5                                                          ; work         ;
;    |ula2b:inst|                           ; 2 (0)             ; 0 (0)        ; 0           ; 0            ; 0       ; 0         ; 0    ; 0            ; |FCTarc03|ula2b:inst                                                           ; work         ;
;       |somador2bit:inst|                  ; 2 (2)             ; 0 (0)        ; 0           ; 0            ; 0       ; 0         ; 0    ; 0            ; |FCTarc03|ula2b:inst|somador2bit:inst                                          ; work         ;
+-------------------------------------------+-------------------+--------------+-------------+--------------+---------+-----------+------+--------------+--------------------------------------------------------------------------------+--------------+
Note: For table entries with two numbers listed, the numbers in parentheses indicate the number of resources of the given type used by the specific entity alone. The numbers listed outside of parentheses indicate the total resources of the given type used by the specific entity and all of its sub-entities in the hierarchy.


+------------------------------------------------------+
; General Register Statistics                          ;
+----------------------------------------------+-------+
; Statistic                                    ; Value ;
+----------------------------------------------+-------+
; Total registers                              ; 25    ;
; Number of registers using Synchronous Clear  ; 0     ;
; Number of registers using Synchronous Load   ; 0     ;
; Number of registers using Asynchronous Clear ; 25    ;
; Number of registers using Asynchronous Load  ; 0     ;
; Number of registers using Clock Enable       ; 0     ;
; Number of registers using Preset             ; 0     ;
+----------------------------------------------+-------+


+--------------------------------------------------------------------------------------------------------------------------------------------+
; Multiplexer Restructuring Statistics (Restructuring Performed)                                                                             ;
+--------------------+-----------+---------------+----------------------+------------------------+------------+------------------------------+
; Multiplexer Inputs ; Bus Width ; Baseline Area ; Area if Restructured ; Saving if Restructured ; Registered ; Example Multiplexer Output   ;
+--------------------+-----------+---------------+----------------------+------------------------+------------+------------------------------+
; 3:1                ; 2 bits    ; 4 LEs         ; 4 LEs                ; 0 LEs                  ; No         ; |FCTarc03|rom2b:inst5|x[1]~6 ;
+--------------------+-----------+---------------+----------------------+------------------------+------------+------------------------------+


+---------------------------------------------------------------------+
; Source assignments for ic2b:inst9|lpm_counter:lpm_counter_component ;
+---------------------------+-------+------+--------------------------+
; Assignment                ; Value ; From ; To                       ;
+---------------------------+-------+------+--------------------------+
; SUPPRESS_DA_RULE_INTERNAL ; a101  ; -    ; -                        ;
; SUPPRESS_DA_RULE_INTERNAL ; s102  ; -    ; -                        ;
; SUPPRESS_DA_RULE_INTERNAL ; s103  ; -    ; -                        ;
+---------------------------+-------+------+--------------------------+


+-------------------------------------------------------------------------------------------+
; Parameter Settings for User Entity Instance: ic2b:inst9|lpm_counter:lpm_counter_component ;
+------------------------+-------------+----------------------------------------------------+
; Parameter Name         ; Value       ; Type                                               ;
+------------------------+-------------+----------------------------------------------------+
; AUTO_CARRY_CHAINS      ; ON          ; AUTO_CARRY                                         ;
; IGNORE_CARRY_BUFFERS   ; OFF         ; IGNORE_CARRY                                       ;
; AUTO_CASCADE_CHAINS    ; ON          ; AUTO_CASCADE                                       ;
; IGNORE_CASCADE_BUFFERS ; OFF         ; IGNORE_CASCADE                                     ;
; LPM_WIDTH              ; 2           ; Signed Integer                                     ;
; LPM_DIRECTION          ; UP          ; Untyped                                            ;
; LPM_MODULUS            ; 0           ; Untyped                                            ;
; LPM_AVALUE             ; UNUSED      ; Untyped                                            ;
; LPM_SVALUE             ; UNUSED      ; Untyped                                            ;
; LPM_PORT_UPDOWN        ; PORT_UNUSED ; Untyped                                            ;
; DEVICE_FAMILY          ; Cyclone III ; Untyped                                            ;
; CARRY_CHAIN            ; MANUAL      ; Untyped                                            ;
; CARRY_CHAIN_LENGTH     ; 48          ; CARRY_CHAIN_LENGTH                                 ;
; NOT_GATE_PUSH_BACK     ; ON          ; NOT_GATE_PUSH_BACK                                 ;
; CARRY_CNT_EN           ; SMART       ; Untyped                                            ;
; LABWIDE_SCLR           ; ON          ; Untyped                                            ;
; USE_NEW_VERSION        ; TRUE        ; Untyped                                            ;
; CBXI_PARAMETER         ; cntr_16i    ; Untyped                                            ;
+------------------------+-------------+----------------------------------------------------+
Note: In order to hide this table in the UI and the text report file, please set the "Show Parameter Settings Tables in Synthesis Report" option in "Analysis and Synthesis Settings -> More Settings" to "Off".


+-------------------------------+
; Analysis & Synthesis Messages ;
+-------------------------------+
Info: *******************************************************************
Info: Running Quartus II Analysis & Synthesis
    Info: Version 9.0 Build 132 02/25/2009 SJ Web Edition
    Info: Processing started: Mon Jul 17 15:55:35 2017
Info: Command: quartus_map --read_settings_files=on --write_settings_files=off FCTarc03 -c FCTarc03
Info: Found 1 design units, including 1 entities, in source file FCTarc03.bdf
    Info: Found entity 1: FCTarc03
Info: Elaborating entity "FCTarc03" for the top level hierarchy
Warning: Using design file acc2b.bdf, which is not specified as a design file for the current project, but contains definitions for 1 design units and 1 entities in project
    Info: Found entity 1: acc2b
Info: Elaborating entity "acc2b" for hierarchy "acc2b:inst1"
Warning: Using design file registrador.bdf, which is not specified as a design file for the current project, but contains definitions for 1 design units and 1 entities in project
    Info: Found entity 1: registrador
Info: Elaborating entity "registrador" for hierarchy "acc2b:inst1|registrador:inst"
Warning: Using design file ula2b.bdf, which is not specified as a design file for the current project, but contains definitions for 1 design units and 1 entities in project
    Info: Found entity 1: ula2b
Info: Elaborating entity "ula2b" for hierarchy "ula2b:inst"
Warning: Using design file somador2bit.bdf, which is not specified as a design file for the current project, but contains definitions for 1 design units and 1 entities in project
    Info: Found entity 1: somador2bit
Info: Elaborating entity "somador2bit" for hierarchy "ula2b:inst|somador2bit:inst"
Warning: Using design file a2b.bdf, which is not specified as a design file for the current project, but contains definitions for 1 design units and 1 entities in project
    Info: Found entity 1: a2b
Info: Elaborating entity "a2b" for hierarchy "a2b:inst2"
Warning: Using design file mdr6b.bdf, which is not specified as a design file for the current project, but contains definitions for 1 design units and 1 entities in project
    Info: Found entity 1: mdr6b
Info: Elaborating entity "mdr6b" for hierarchy "mdr6b:inst4"
Warning: Using design file mir8b.bdf, which is not specified as a design file for the current project, but contains definitions for 1 design units and 1 entities in project
    Info: Found entity 1: mir8b
Info: Elaborating entity "mir8b" for hierarchy "mir8b:inst13"
Warning: Using design file cu2b.vhd, which is not specified as a design file for the current project, but contains definitions for 2 design units and 1 entities in project
    Info: Found design unit 1: cu2b-cu2bBehave
    Info: Found entity 1: cu2b
Warning (12300): Found the following files while searching for definition of entity "cu2b", but did not use these files because already using a different file containing the entity definition
    Warning: File: cu2b.bdf
Info: Elaborating entity "cu2b" for hierarchy "cu2b:inst10"
Info (10041): Inferred latch for "out_cu[0]" at cu2b.vhd(12)
Info (10041): Inferred latch for "out_cu[1]" at cu2b.vhd(12)
Info (10041): Inferred latch for "out_cu[2]" at cu2b.vhd(12)
Info (10041): Inferred latch for "out_cu[3]" at cu2b.vhd(12)
Info (10041): Inferred latch for "out_cu[4]" at cu2b.vhd(12)
Info (10041): Inferred latch for "out_cu[5]" at cu2b.vhd(12)
Info (10041): Inferred latch for "out_cu[6]" at cu2b.vhd(12)
Info (10041): Inferred latch for "out_cu[7]" at cu2b.vhd(12)
Warning: Using design file ir2b.bdf, which is not specified as a design file for the current project, but contains definitions for 1 design units and 1 entities in project
    Info: Found entity 1: ir2b
Info: Elaborating entity "ir2b" for hierarchy "ir2b:inst8"
Warning: Using design file b2b.bdf, which is not specified as a design file for the current project, but contains definitions for 1 design units and 1 entities in project
    Info: Found entity 1: b2b
Info: Elaborating entity "b2b" for hierarchy "b2b:inst3"
Warning: Using design file rom2b.vhd, which is not specified as a design file for the current project, but contains definitions for 2 design units and 1 entities in project
    Info: Found design unit 1: rom2b-rom2bBehave
    Info: Found entity 1: rom2b
Info: Elaborating entity "rom2b" for hierarchy "rom2b:inst5"
Info (10041): Inferred latch for "x[0]" at rom2b.vhd(13)
Info (10041): Inferred latch for "x[1]" at rom2b.vhd(13)
Info (10041): Inferred latch for "x[2]" at rom2b.vhd(13)
Info (10041): Inferred latch for "x[3]" at rom2b.vhd(13)
Info (10041): Inferred latch for "x[4]" at rom2b.vhd(13)
Warning: Using design file mar2b.bdf, which is not specified as a design file for the current project, but contains definitions for 1 design units and 1 entities in project
    Info: Found entity 1: mar2b
Info: Elaborating entity "mar2b" for hierarchy "mar2b:inst7"
Warning: Using design file ic2b.vhd, which is not specified as a design file for the current project, but contains definitions for 2 design units and 1 entities in project
    Info: Found design unit 1: ic2b-SYN
    Info: Found entity 1: ic2b
Info: Elaborating entity "ic2b" for hierarchy "ic2b:inst9"
Info: Elaborating entity "lpm_counter" for hierarchy "ic2b:inst9|lpm_counter:lpm_counter_component"
Info: Elaborated megafunction instantiation "ic2b:inst9|lpm_counter:lpm_counter_component"
Info: Instantiated megafunction "ic2b:inst9|lpm_counter:lpm_counter_component" with the following parameter:
    Info: Parameter "lpm_direction" = "UP"
    Info: Parameter "lpm_port_updown" = "PORT_UNUSED"
    Info: Parameter "lpm_type" = "LPM_COUNTER"
    Info: Parameter "lpm_width" = "2"
Info: Found 1 design units, including 1 entities, in source file db/cntr_16i.tdf
    Info: Found entity 1: cntr_16i
Info: Elaborating entity "cntr_16i" for hierarchy "ic2b:inst9|lpm_counter:lpm_counter_component|cntr_16i:auto_generated"
Info: Implemented 38 device resources after synthesis - the final resource count might be different
    Info: Implemented 2 input pins
    Info: Implemented 2 output pins
    Info: Implemented 5 bidirectional pins
    Info: Implemented 29 logic cells
Info: Quartus II Analysis & Synthesis was successful. 0 errors, 15 warnings
    Info: Peak virtual memory: 231 megabytes
    Info: Processing ended: Mon Jul 17 15:55:36 2017
    Info: Elapsed time: 00:00:01
    Info: Total CPU time (on all processors): 00:00:01


