TimeQuest Timing Analyzer report for mdr6b
Mon May 15 15:41:56 2017
Quartus II Version 9.0 Build 132 02/25/2009 SJ Web Edition


---------------------
; Table of Contents ;
---------------------
  1. Legal Notice
  2. TimeQuest Timing Analyzer Summary
  3. Parallel Compilation
  4. Clocks
  5. Slow 1200mV 85C Model Fmax Summary
  6. Slow 1200mV 85C Model Setup Summary
  7. Slow 1200mV 85C Model Hold Summary
  8. Slow 1200mV 85C Model Recovery Summary
  9. Slow 1200mV 85C Model Removal Summary
 10. Slow 1200mV 85C Model Minimum Pulse Width
 11. Setup Times
 12. Hold Times
 13. Clock to Output Times
 14. Minimum Clock to Output Times
 15. Propagation Delay
 16. Minimum Propagation Delay
 17. Slow 1200mV 0C Model Fmax Summary
 18. Slow 1200mV 0C Model Setup Summary
 19. Slow 1200mV 0C Model Hold Summary
 20. Slow 1200mV 0C Model Recovery Summary
 21. Slow 1200mV 0C Model Removal Summary
 22. Slow 1200mV 0C Model Minimum Pulse Width
 23. Setup Times
 24. Hold Times
 25. Clock to Output Times
 26. Minimum Clock to Output Times
 27. Propagation Delay
 28. Minimum Propagation Delay
 29. Fast 1200mV 0C Model Setup Summary
 30. Fast 1200mV 0C Model Hold Summary
 31. Fast 1200mV 0C Model Recovery Summary
 32. Fast 1200mV 0C Model Removal Summary
 33. Fast 1200mV 0C Model Minimum Pulse Width
 34. Setup Times
 35. Hold Times
 36. Clock to Output Times
 37. Minimum Clock to Output Times
 38. Propagation Delay
 39. Minimum Propagation Delay
 40. Multicorner Timing Analysis Summary
 41. Setup Times
 42. Hold Times
 43. Clock to Output Times
 44. Minimum Clock to Output Times
 45. Progagation Delay
 46. Minimum Progagation Delay
 47. Board Trace Model Assignments
 48. Input Transition Times
 49. Slow Corner Signal Integrity Metrics
 50. Fast Corner Signal Integrity Metrics
 51. Clock Transfers
 52. Report TCCS
 53. Report RSKM
 54. Unconstrained Paths
 55. TimeQuest Timing Analyzer Messages



----------------
; Legal Notice ;
----------------
Copyright (C) 1991-2009 Altera Corporation
Your use of Altera Corporation's design tools, logic functions 
and other software and tools, and its AMPP partner logic 
functions, and any output files from any of the foregoing 
(including device programming or simulation files), and any 
associated documentation or information are expressly subject 
to the terms and conditions of the Altera Program License 
Subscription Agreement, Altera MegaCore Function License 
Agreement, or other applicable license agreement, including, 
without limitation, that your use is for the sole purpose of 
programming logic devices manufactured by Altera and sold by 
Altera or its authorized distributors.  Please refer to the 
applicable agreement for further details.



+----------------------------------------------------------------------+
; TimeQuest Timing Analyzer Summary                                    ;
+--------------------+-------------------------------------------------+
; Quartus II Version ; Version 9.0 Build 132 02/25/2009 SJ Web Edition ;
; Revision Name      ; mdr6b                                           ;
; Device Family      ; Cyclone III                                     ;
; Device Name        ; EP3C16F484C6                                    ;
; Timing Models      ; Final                                           ;
; Delay Model        ; Combined                                        ;
; Rise/Fall Delays   ; Enabled                                         ;
+--------------------+-------------------------------------------------+


Parallel compilation was disabled, but you have multiple processors available. Enable parallel compilation to reduce compilation time.
+-------------------------------------+
; Parallel Compilation                ;
+----------------------------+--------+
; Processors                 ; Number ;
+----------------------------+--------+
; Number detected on machine ; 4      ;
; Maximum allowed            ; 1      ;
+----------------------------+--------+


+-------------------------------------------------------------------------------------------------------------------------------------------------------------------------------------+
; Clocks                                                                                                                                                                              ;
+------------+------+--------+------------+-------+-------+------------+-----------+-------------+-------+--------+-----------+------------+----------+--------+--------+-------------+
; Clock Name ; Type ; Period ; Frequency  ; Rise  ; Fall  ; Duty Cycle ; Divide by ; Multiply by ; Phase ; Offset ; Edge List ; Edge Shift ; Inverted ; Master ; Source ; Targets     ;
+------------+------+--------+------------+-------+-------+------------+-----------+-------------+-------+--------+-----------+------------+----------+--------+--------+-------------+
; trigger    ; Base ; 1.000  ; 1000.0 MHz ; 0.000 ; 0.500 ;            ;           ;             ;       ;        ;           ;            ;          ;        ;        ; { trigger } ;
+------------+------+--------+------------+-------+-------+------------+-----------+-------------+-------+--------+-----------+------------+----------+--------+--------+-------------+


--------------------------------------
; Slow 1200mV 85C Model Fmax Summary ;
--------------------------------------
No paths to report.


---------------------------------------
; Slow 1200mV 85C Model Setup Summary ;
---------------------------------------
No paths to report.


--------------------------------------
; Slow 1200mV 85C Model Hold Summary ;
--------------------------------------
No paths to report.


------------------------------------------
; Slow 1200mV 85C Model Recovery Summary ;
------------------------------------------
No paths to report.


-----------------------------------------
; Slow 1200mV 85C Model Removal Summary ;
-----------------------------------------
No paths to report.


+--------------------------------------------------------------------------------------------------------------------------+
; Slow 1200mV 85C Model Minimum Pulse Width                                                                                ;
+--------+--------------+----------------+-------+------------------+---------+------------+-------------------------------+
; Slack  ; Actual Width ; Required Width ; CCPP  ; Type             ; Clock   ; Clock Edge ; Target                        ;
+--------+--------------+----------------+-------+------------------+---------+------------+-------------------------------+
; -3.000 ; 1.000        ; 4.000          ; 0.000 ; Port Rate        ; trigger ; Rise       ; trigger                       ;
; -1.000 ; 1.000        ; 2.000          ; 0.000 ; Min Period       ; trigger ; Rise       ; registrador:inst1|3~_emulated ;
; -1.000 ; 1.000        ; 2.000          ; 0.000 ; Min Period       ; trigger ; Rise       ; registrador:inst1|4~_emulated ;
; -1.000 ; 1.000        ; 2.000          ; 0.000 ; Min Period       ; trigger ; Rise       ; registrador:inst2|3~_emulated ;
; -1.000 ; 1.000        ; 2.000          ; 0.000 ; Min Period       ; trigger ; Rise       ; registrador:inst2|4~_emulated ;
; -1.000 ; 1.000        ; 2.000          ; 0.000 ; Min Period       ; trigger ; Rise       ; registrador:inst|3~_emulated  ;
; -1.000 ; 1.000        ; 2.000          ; 0.000 ; Min Period       ; trigger ; Rise       ; registrador:inst|4~_emulated  ;
; 0.186  ; 0.287        ; 0.184          ; 0.083 ; Low Pulse Width  ; trigger ; Rise       ; registrador:inst1|3~_emulated ;
; 0.186  ; 0.287        ; 0.184          ; 0.083 ; Low Pulse Width  ; trigger ; Rise       ; registrador:inst1|4~_emulated ;
; 0.186  ; 0.287        ; 0.184          ; 0.083 ; Low Pulse Width  ; trigger ; Rise       ; registrador:inst2|3~_emulated ;
; 0.186  ; 0.287        ; 0.184          ; 0.083 ; Low Pulse Width  ; trigger ; Rise       ; registrador:inst2|4~_emulated ;
; 0.186  ; 0.287        ; 0.184          ; 0.083 ; Low Pulse Width  ; trigger ; Rise       ; registrador:inst|3~_emulated  ;
; 0.186  ; 0.287        ; 0.184          ; 0.083 ; Low Pulse Width  ; trigger ; Rise       ; registrador:inst|4~_emulated  ;
; 0.339  ; 0.339        ; 0.000          ; 0.000 ; Low Pulse Width  ; trigger ; Rise       ; trigger~input|o               ;
; 0.348  ; 0.303        ; 0.000          ; 0.045 ; Low Pulse Width  ; trigger ; Rise       ; inst1|3~_emulated|clk         ;
; 0.348  ; 0.303        ; 0.000          ; 0.045 ; Low Pulse Width  ; trigger ; Rise       ; inst1|4~_emulated|clk         ;
; 0.348  ; 0.303        ; 0.000          ; 0.045 ; Low Pulse Width  ; trigger ; Rise       ; inst2|3~_emulated|clk         ;
; 0.348  ; 0.303        ; 0.000          ; 0.045 ; Low Pulse Width  ; trigger ; Rise       ; inst2|4~_emulated|clk         ;
; 0.348  ; 0.303        ; 0.000          ; 0.045 ; Low Pulse Width  ; trigger ; Rise       ; inst|3~_emulated|clk          ;
; 0.348  ; 0.303        ; 0.000          ; 0.045 ; Low Pulse Width  ; trigger ; Rise       ; inst|4~_emulated|clk          ;
; 0.356  ; 0.350        ; 0.000          ; 0.006 ; Low Pulse Width  ; trigger ; Rise       ; trigger~inputclkctrl|inclk[0] ;
; 0.356  ; 0.350        ; 0.000          ; 0.006 ; Low Pulse Width  ; trigger ; Rise       ; trigger~inputclkctrl|outclk   ;
; 0.412  ; 0.545        ; 0.216          ; 0.083 ; High Pulse Width ; trigger ; Rise       ; registrador:inst1|3~_emulated ;
; 0.412  ; 0.545        ; 0.216          ; 0.083 ; High Pulse Width ; trigger ; Rise       ; registrador:inst1|4~_emulated ;
; 0.412  ; 0.545        ; 0.216          ; 0.083 ; High Pulse Width ; trigger ; Rise       ; registrador:inst2|3~_emulated ;
; 0.412  ; 0.545        ; 0.216          ; 0.083 ; High Pulse Width ; trigger ; Rise       ; registrador:inst2|4~_emulated ;
; 0.412  ; 0.545        ; 0.216          ; 0.083 ; High Pulse Width ; trigger ; Rise       ; registrador:inst|3~_emulated  ;
; 0.412  ; 0.545        ; 0.216          ; 0.083 ; High Pulse Width ; trigger ; Rise       ; registrador:inst|4~_emulated  ;
; 0.500  ; 0.500        ; 0.000          ; 0.000 ; High Pulse Width ; trigger ; Rise       ; trigger~input|i               ;
; 0.500  ; 0.500        ; 0.000          ; 0.000 ; Low Pulse Width  ; trigger ; Rise       ; trigger~input|i               ;
; 0.643  ; 0.637        ; 0.000          ; 0.006 ; High Pulse Width ; trigger ; Rise       ; trigger~inputclkctrl|inclk[0] ;
; 0.643  ; 0.637        ; 0.000          ; 0.006 ; High Pulse Width ; trigger ; Rise       ; trigger~inputclkctrl|outclk   ;
; 0.652  ; 0.607        ; 0.000          ; 0.045 ; High Pulse Width ; trigger ; Rise       ; inst1|3~_emulated|clk         ;
; 0.652  ; 0.607        ; 0.000          ; 0.045 ; High Pulse Width ; trigger ; Rise       ; inst1|4~_emulated|clk         ;
; 0.652  ; 0.607        ; 0.000          ; 0.045 ; High Pulse Width ; trigger ; Rise       ; inst2|3~_emulated|clk         ;
; 0.652  ; 0.607        ; 0.000          ; 0.045 ; High Pulse Width ; trigger ; Rise       ; inst2|4~_emulated|clk         ;
; 0.652  ; 0.607        ; 0.000          ; 0.045 ; High Pulse Width ; trigger ; Rise       ; inst|3~_emulated|clk          ;
; 0.652  ; 0.607        ; 0.000          ; 0.045 ; High Pulse Width ; trigger ; Rise       ; inst|4~_emulated|clk          ;
; 0.661  ; 0.661        ; 0.000          ; 0.000 ; High Pulse Width ; trigger ; Rise       ; trigger~input|o               ;
+--------+--------------+----------------+-------+------------------+---------+------------+-------------------------------+


+-----------------------------------------------------------------------+
; Setup Times                                                           ;
+-----------+------------+-------+-------+------------+-----------------+
; Data Port ; Clock Port ; Rise  ; Fall  ; Clock Edge ; Clock Reference ;
+-----------+------------+-------+-------+------------+-----------------+
; in_0      ; trigger    ; 1.980 ; 2.399 ; Rise       ; trigger         ;
; in_1      ; trigger    ; 1.464 ; 1.837 ; Rise       ; trigger         ;
; in_2      ; trigger    ; 1.433 ; 1.812 ; Rise       ; trigger         ;
; in_3      ; trigger    ; 1.577 ; 1.985 ; Rise       ; trigger         ;
; in_4      ; trigger    ; 1.628 ; 2.037 ; Rise       ; trigger         ;
; in_5      ; trigger    ; 1.764 ; 2.159 ; Rise       ; trigger         ;
+-----------+------------+-------+-------+------------+-----------------+


+-------------------------------------------------------------------------+
; Hold Times                                                              ;
+-----------+------------+--------+--------+------------+-----------------+
; Data Port ; Clock Port ; Rise   ; Fall   ; Clock Edge ; Clock Reference ;
+-----------+------------+--------+--------+------------+-----------------+
; in_0      ; trigger    ; -1.555 ; -1.919 ; Rise       ; trigger         ;
; in_1      ; trigger    ; -1.088 ; -1.449 ; Rise       ; trigger         ;
; in_2      ; trigger    ; -1.059 ; -1.426 ; Rise       ; trigger         ;
; in_3      ; trigger    ; -1.198 ; -1.568 ; Rise       ; trigger         ;
; in_4      ; trigger    ; -1.247 ; -1.618 ; Rise       ; trigger         ;
; in_5      ; trigger    ; -1.378 ; -1.760 ; Rise       ; trigger         ;
+-----------+------------+--------+--------+------------+-----------------+


+-----------------------------------------------------------------------+
; Clock to Output Times                                                 ;
+-----------+------------+-------+-------+------------+-----------------+
; Data Port ; Clock Port ; Rise  ; Fall  ; Clock Edge ; Clock Reference ;
+-----------+------------+-------+-------+------------+-----------------+
; out_0     ; trigger    ; 6.065 ; 6.058 ; Rise       ; trigger         ;
; out_1     ; trigger    ; 6.078 ; 6.070 ; Rise       ; trigger         ;
; out_2     ; trigger    ; 6.037 ; 6.001 ; Rise       ; trigger         ;
; out_3     ; trigger    ; 6.097 ; 6.067 ; Rise       ; trigger         ;
; out_4     ; trigger    ; 6.071 ; 6.035 ; Rise       ; trigger         ;
; out_5     ; trigger    ; 8.230 ; 8.391 ; Rise       ; trigger         ;
+-----------+------------+-------+-------+------------+-----------------+


+-----------------------------------------------------------------------+
; Minimum Clock to Output Times                                         ;
+-----------+------------+-------+-------+------------+-----------------+
; Data Port ; Clock Port ; Rise  ; Fall  ; Clock Edge ; Clock Reference ;
+-----------+------------+-------+-------+------------+-----------------+
; out_0     ; trigger    ; 5.870 ; 5.871 ; Rise       ; trigger         ;
; out_1     ; trigger    ; 5.880 ; 5.880 ; Rise       ; trigger         ;
; out_2     ; trigger    ; 5.841 ; 5.814 ; Rise       ; trigger         ;
; out_3     ; trigger    ; 5.900 ; 5.879 ; Rise       ; trigger         ;
; out_4     ; trigger    ; 5.875 ; 5.848 ; Rise       ; trigger         ;
; out_5     ; trigger    ; 8.031 ; 8.097 ; Rise       ; trigger         ;
+-----------+------------+-------+-------+------------+-----------------+


+----------------------------------------------------------+
; Propagation Delay                                        ;
+------------+-------------+-------+-------+-------+-------+
; Input Port ; Output Port ; RR    ; RF    ; FR    ; FF    ;
+------------+-------------+-------+-------+-------+-------+
; clear      ; out_0       ;       ; 7.477 ; 7.886 ;       ;
; clear      ; out_1       ;       ; 7.484 ; 7.894 ;       ;
; clear      ; out_2       ;       ; 7.412 ; 7.850 ;       ;
; clear      ; out_3       ;       ; 7.475 ; 7.909 ;       ;
; clear      ; out_4       ;       ; 7.443 ; 7.881 ;       ;
; clear      ; out_5       ;       ; 9.527 ; 9.836 ;       ;
; preset     ; out_0       ; 6.981 ;       ;       ; 7.469 ;
; preset     ; out_1       ; 6.990 ;       ;       ; 7.476 ;
; preset     ; out_2       ; 6.947 ;       ;       ; 7.405 ;
; preset     ; out_3       ; 7.006 ;       ;       ; 7.469 ;
; preset     ; out_4       ; 6.981 ;       ;       ; 7.436 ;
; preset     ; out_5       ; 8.933 ;       ;       ; 9.519 ;
+------------+-------------+-------+-------+-------+-------+


+----------------------------------------------------------+
; Minimum Propagation Delay                                ;
+------------+-------------+-------+-------+-------+-------+
; Input Port ; Output Port ; RR    ; RF    ; FR    ; FF    ;
+------------+-------------+-------+-------+-------+-------+
; clear      ; out_0       ;       ; 7.218 ; 7.622 ;       ;
; clear      ; out_1       ;       ; 7.224 ; 7.629 ;       ;
; clear      ; out_2       ;       ; 7.155 ; 7.587 ;       ;
; clear      ; out_3       ;       ; 7.217 ; 7.644 ;       ;
; clear      ; out_4       ;       ; 7.184 ; 7.616 ;       ;
; clear      ; out_5       ;       ; 9.234 ; 9.539 ;       ;
; preset     ; out_0       ; 6.808 ;       ;       ; 7.285 ;
; preset     ; out_1       ; 6.816 ;       ;       ; 7.291 ;
; preset     ; out_2       ; 6.775 ;       ;       ; 7.223 ;
; preset     ; out_3       ; 6.832 ;       ;       ; 7.285 ;
; preset     ; out_4       ; 6.808 ;       ;       ; 7.252 ;
; preset     ; out_5       ; 8.727 ;       ;       ; 9.301 ;
+------------+-------------+-------+-------+-------+-------+


-------------------------------------
; Slow 1200mV 0C Model Fmax Summary ;
-------------------------------------
No paths to report.


--------------------------------------
; Slow 1200mV 0C Model Setup Summary ;
--------------------------------------
No paths to report.


-------------------------------------
; Slow 1200mV 0C Model Hold Summary ;
-------------------------------------
No paths to report.


-----------------------------------------
; Slow 1200mV 0C Model Recovery Summary ;
-----------------------------------------
No paths to report.


----------------------------------------
; Slow 1200mV 0C Model Removal Summary ;
----------------------------------------
No paths to report.


+--------------------------------------------------------------------------------------------------------------------------+
; Slow 1200mV 0C Model Minimum Pulse Width                                                                                 ;
+--------+--------------+----------------+-------+------------------+---------+------------+-------------------------------+
; Slack  ; Actual Width ; Required Width ; CCPP  ; Type             ; Clock   ; Clock Edge ; Target                        ;
+--------+--------------+----------------+-------+------------------+---------+------------+-------------------------------+
; -3.000 ; 1.000        ; 4.000          ; 0.000 ; Port Rate        ; trigger ; Rise       ; trigger                       ;
; -1.000 ; 1.000        ; 2.000          ; 0.000 ; Min Period       ; trigger ; Rise       ; registrador:inst1|3~_emulated ;
; -1.000 ; 1.000        ; 2.000          ; 0.000 ; Min Period       ; trigger ; Rise       ; registrador:inst1|4~_emulated ;
; -1.000 ; 1.000        ; 2.000          ; 0.000 ; Min Period       ; trigger ; Rise       ; registrador:inst2|3~_emulated ;
; -1.000 ; 1.000        ; 2.000          ; 0.000 ; Min Period       ; trigger ; Rise       ; registrador:inst2|4~_emulated ;
; -1.000 ; 1.000        ; 2.000          ; 0.000 ; Min Period       ; trigger ; Rise       ; registrador:inst|3~_emulated  ;
; -1.000 ; 1.000        ; 2.000          ; 0.000 ; Min Period       ; trigger ; Rise       ; registrador:inst|4~_emulated  ;
; 0.184  ; 0.296        ; 0.184          ; 0.072 ; Low Pulse Width  ; trigger ; Rise       ; registrador:inst1|3~_emulated ;
; 0.184  ; 0.296        ; 0.184          ; 0.072 ; Low Pulse Width  ; trigger ; Rise       ; registrador:inst1|4~_emulated ;
; 0.184  ; 0.296        ; 0.184          ; 0.072 ; Low Pulse Width  ; trigger ; Rise       ; registrador:inst2|3~_emulated ;
; 0.184  ; 0.296        ; 0.184          ; 0.072 ; Low Pulse Width  ; trigger ; Rise       ; registrador:inst2|4~_emulated ;
; 0.184  ; 0.296        ; 0.184          ; 0.072 ; Low Pulse Width  ; trigger ; Rise       ; registrador:inst|3~_emulated  ;
; 0.184  ; 0.296        ; 0.184          ; 0.072 ; Low Pulse Width  ; trigger ; Rise       ; registrador:inst|4~_emulated  ;
; 0.339  ; 0.339        ; 0.000          ; 0.000 ; Low Pulse Width  ; trigger ; Rise       ; trigger~input|o               ;
; 0.344  ; 0.306        ; 0.000          ; 0.038 ; Low Pulse Width  ; trigger ; Rise       ; inst1|3~_emulated|clk         ;
; 0.344  ; 0.306        ; 0.000          ; 0.038 ; Low Pulse Width  ; trigger ; Rise       ; inst1|4~_emulated|clk         ;
; 0.344  ; 0.306        ; 0.000          ; 0.038 ; Low Pulse Width  ; trigger ; Rise       ; inst2|3~_emulated|clk         ;
; 0.344  ; 0.306        ; 0.000          ; 0.038 ; Low Pulse Width  ; trigger ; Rise       ; inst2|4~_emulated|clk         ;
; 0.344  ; 0.306        ; 0.000          ; 0.038 ; Low Pulse Width  ; trigger ; Rise       ; inst|3~_emulated|clk          ;
; 0.344  ; 0.306        ; 0.000          ; 0.038 ; Low Pulse Width  ; trigger ; Rise       ; inst|4~_emulated|clk          ;
; 0.348  ; 0.343        ; 0.000          ; 0.005 ; Low Pulse Width  ; trigger ; Rise       ; trigger~inputclkctrl|inclk[0] ;
; 0.348  ; 0.343        ; 0.000          ; 0.005 ; Low Pulse Width  ; trigger ; Rise       ; trigger~inputclkctrl|outclk   ;
; 0.414  ; 0.558        ; 0.216          ; 0.072 ; High Pulse Width ; trigger ; Rise       ; registrador:inst1|3~_emulated ;
; 0.414  ; 0.558        ; 0.216          ; 0.072 ; High Pulse Width ; trigger ; Rise       ; registrador:inst1|4~_emulated ;
; 0.414  ; 0.558        ; 0.216          ; 0.072 ; High Pulse Width ; trigger ; Rise       ; registrador:inst2|3~_emulated ;
; 0.414  ; 0.558        ; 0.216          ; 0.072 ; High Pulse Width ; trigger ; Rise       ; registrador:inst2|4~_emulated ;
; 0.414  ; 0.558        ; 0.216          ; 0.072 ; High Pulse Width ; trigger ; Rise       ; registrador:inst|3~_emulated  ;
; 0.414  ; 0.558        ; 0.216          ; 0.072 ; High Pulse Width ; trigger ; Rise       ; registrador:inst|4~_emulated  ;
; 0.500  ; 0.500        ; 0.000          ; 0.000 ; High Pulse Width ; trigger ; Rise       ; trigger~input|i               ;
; 0.500  ; 0.500        ; 0.000          ; 0.000 ; Low Pulse Width  ; trigger ; Rise       ; trigger~input|i               ;
; 0.651  ; 0.646        ; 0.000          ; 0.005 ; High Pulse Width ; trigger ; Rise       ; trigger~inputclkctrl|inclk[0] ;
; 0.651  ; 0.646        ; 0.000          ; 0.005 ; High Pulse Width ; trigger ; Rise       ; trigger~inputclkctrl|outclk   ;
; 0.654  ; 0.616        ; 0.000          ; 0.038 ; High Pulse Width ; trigger ; Rise       ; inst1|3~_emulated|clk         ;
; 0.654  ; 0.616        ; 0.000          ; 0.038 ; High Pulse Width ; trigger ; Rise       ; inst1|4~_emulated|clk         ;
; 0.654  ; 0.616        ; 0.000          ; 0.038 ; High Pulse Width ; trigger ; Rise       ; inst2|3~_emulated|clk         ;
; 0.654  ; 0.616        ; 0.000          ; 0.038 ; High Pulse Width ; trigger ; Rise       ; inst2|4~_emulated|clk         ;
; 0.654  ; 0.616        ; 0.000          ; 0.038 ; High Pulse Width ; trigger ; Rise       ; inst|3~_emulated|clk          ;
; 0.654  ; 0.616        ; 0.000          ; 0.038 ; High Pulse Width ; trigger ; Rise       ; inst|4~_emulated|clk          ;
; 0.661  ; 0.661        ; 0.000          ; 0.000 ; High Pulse Width ; trigger ; Rise       ; trigger~input|o               ;
+--------+--------------+----------------+-------+------------------+---------+------------+-------------------------------+


+-----------------------------------------------------------------------+
; Setup Times                                                           ;
+-----------+------------+-------+-------+------------+-----------------+
; Data Port ; Clock Port ; Rise  ; Fall  ; Clock Edge ; Clock Reference ;
+-----------+------------+-------+-------+------------+-----------------+
; in_0      ; trigger    ; 1.701 ; 2.032 ; Rise       ; trigger         ;
; in_1      ; trigger    ; 1.226 ; 1.535 ; Rise       ; trigger         ;
; in_2      ; trigger    ; 1.202 ; 1.516 ; Rise       ; trigger         ;
; in_3      ; trigger    ; 1.339 ; 1.663 ; Rise       ; trigger         ;
; in_4      ; trigger    ; 1.377 ; 1.719 ; Rise       ; trigger         ;
; in_5      ; trigger    ; 1.509 ; 1.819 ; Rise       ; trigger         ;
+-----------+------------+-------+-------+------------+-----------------+


+-------------------------------------------------------------------------+
; Hold Times                                                              ;
+-----------+------------+--------+--------+------------+-----------------+
; Data Port ; Clock Port ; Rise   ; Fall   ; Clock Edge ; Clock Reference ;
+-----------+------------+--------+--------+------------+-----------------+
; in_0      ; trigger    ; -1.321 ; -1.615 ; Rise       ; trigger         ;
; in_1      ; trigger    ; -0.893 ; -1.188 ; Rise       ; trigger         ;
; in_2      ; trigger    ; -0.870 ; -1.170 ; Rise       ; trigger         ;
; in_3      ; trigger    ; -1.001 ; -1.303 ; Rise       ; trigger         ;
; in_4      ; trigger    ; -1.037 ; -1.357 ; Rise       ; trigger         ;
; in_5      ; trigger    ; -1.166 ; -1.462 ; Rise       ; trigger         ;
+-----------+------------+--------+--------+------------+-----------------+


+-----------------------------------------------------------------------+
; Clock to Output Times                                                 ;
+-----------+------------+-------+-------+------------+-----------------+
; Data Port ; Clock Port ; Rise  ; Fall  ; Clock Edge ; Clock Reference ;
+-----------+------------+-------+-------+------------+-----------------+
; out_0     ; trigger    ; 5.755 ; 5.717 ; Rise       ; trigger         ;
; out_1     ; trigger    ; 5.763 ; 5.712 ; Rise       ; trigger         ;
; out_2     ; trigger    ; 5.727 ; 5.673 ; Rise       ; trigger         ;
; out_3     ; trigger    ; 5.783 ; 5.731 ; Rise       ; trigger         ;
; out_4     ; trigger    ; 5.754 ; 5.688 ; Rise       ; trigger         ;
; out_5     ; trigger    ; 7.832 ; 7.915 ; Rise       ; trigger         ;
+-----------+------------+-------+-------+------------+-----------------+


+-----------------------------------------------------------------------+
; Minimum Clock to Output Times                                         ;
+-----------+------------+-------+-------+------------+-----------------+
; Data Port ; Clock Port ; Rise  ; Fall  ; Clock Edge ; Clock Reference ;
+-----------+------------+-------+-------+------------+-----------------+
; out_0     ; trigger    ; 5.585 ; 5.555 ; Rise       ; trigger         ;
; out_1     ; trigger    ; 5.591 ; 5.549 ; Rise       ; trigger         ;
; out_2     ; trigger    ; 5.557 ; 5.512 ; Rise       ; trigger         ;
; out_3     ; trigger    ; 5.610 ; 5.567 ; Rise       ; trigger         ;
; out_4     ; trigger    ; 5.584 ; 5.527 ; Rise       ; trigger         ;
; out_5     ; trigger    ; 7.660 ; 7.660 ; Rise       ; trigger         ;
+-----------+------------+-------+-------+------------+-----------------+


+----------------------------------------------------------+
; Propagation Delay                                        ;
+------------+-------------+-------+-------+-------+-------+
; Input Port ; Output Port ; RR    ; RF    ; FR    ; FF    ;
+------------+-------------+-------+-------+-------+-------+
; clear      ; out_0       ;       ; 6.888 ; 7.267 ;       ;
; clear      ; out_1       ;       ; 6.880 ; 7.270 ;       ;
; clear      ; out_2       ;       ; 6.839 ; 7.232 ;       ;
; clear      ; out_3       ;       ; 6.895 ; 7.286 ;       ;
; clear      ; out_4       ;       ; 6.855 ; 7.257 ;       ;
; clear      ; out_5       ;       ; 8.837 ; 9.156 ;       ;
; preset     ; out_0       ; 6.487 ;       ;       ; 6.860 ;
; preset     ; out_1       ; 6.491 ;       ;       ; 6.852 ;
; preset     ; out_2       ; 6.454 ;       ;       ; 6.810 ;
; preset     ; out_3       ; 6.508 ;       ;       ; 6.865 ;
; preset     ; out_4       ; 6.481 ;       ;       ; 6.823 ;
; preset     ; out_5       ; 8.378 ;       ;       ; 8.807 ;
+------------+-------------+-------+-------+-------+-------+


+----------------------------------------------------------+
; Minimum Propagation Delay                                ;
+------------+-------------+-------+-------+-------+-------+
; Input Port ; Output Port ; RR    ; RF    ; FR    ; FF    ;
+------------+-------------+-------+-------+-------+-------+
; clear      ; out_0       ;       ; 6.668 ; 7.037 ;       ;
; clear      ; out_1       ;       ; 6.659 ; 7.039 ;       ;
; clear      ; out_2       ;       ; 6.621 ; 7.003 ;       ;
; clear      ; out_3       ;       ; 6.675 ; 7.054 ;       ;
; clear      ; out_4       ;       ; 6.635 ; 7.026 ;       ;
; clear      ; out_5       ;       ; 8.586 ; 8.895 ;       ;
; preset     ; out_0       ; 6.338 ;       ;       ; 6.703 ;
; preset     ; out_1       ; 6.341 ;       ;       ; 6.694 ;
; preset     ; out_2       ; 6.306 ;       ;       ; 6.654 ;
; preset     ; out_3       ; 6.358 ;       ;       ; 6.708 ;
; preset     ; out_4       ; 6.332 ;       ;       ; 6.666 ;
; preset     ; out_5       ; 8.198 ;       ;       ; 8.619 ;
+------------+-------------+-------+-------+-------+-------+


--------------------------------------
; Fast 1200mV 0C Model Setup Summary ;
--------------------------------------
No paths to report.


-------------------------------------
; Fast 1200mV 0C Model Hold Summary ;
-------------------------------------
No paths to report.


-----------------------------------------
; Fast 1200mV 0C Model Recovery Summary ;
-----------------------------------------
No paths to report.


----------------------------------------
; Fast 1200mV 0C Model Removal Summary ;
----------------------------------------
No paths to report.


+--------------------------------------------------------------------------------------------------------------------------+
; Fast 1200mV 0C Model Minimum Pulse Width                                                                                 ;
+--------+--------------+----------------+-------+------------------+---------+------------+-------------------------------+
; Slack  ; Actual Width ; Required Width ; CCPP  ; Type             ; Clock   ; Clock Edge ; Target                        ;
+--------+--------------+----------------+-------+------------------+---------+------------+-------------------------------+
; -3.000 ; 1.000        ; 4.000          ; 0.000 ; Port Rate        ; trigger ; Rise       ; trigger                       ;
; -1.000 ; 1.000        ; 2.000          ; 0.000 ; Min Period       ; trigger ; Rise       ; registrador:inst1|3~_emulated ;
; -1.000 ; 1.000        ; 2.000          ; 0.000 ; Min Period       ; trigger ; Rise       ; registrador:inst1|4~_emulated ;
; -1.000 ; 1.000        ; 2.000          ; 0.000 ; Min Period       ; trigger ; Rise       ; registrador:inst2|3~_emulated ;
; -1.000 ; 1.000        ; 2.000          ; 0.000 ; Min Period       ; trigger ; Rise       ; registrador:inst2|4~_emulated ;
; -1.000 ; 1.000        ; 2.000          ; 0.000 ; Min Period       ; trigger ; Rise       ; registrador:inst|3~_emulated  ;
; -1.000 ; 1.000        ; 2.000          ; 0.000 ; Min Period       ; trigger ; Rise       ; registrador:inst|4~_emulated  ;
; -0.056 ; 0.079        ; 0.184          ; 0.049 ; Low Pulse Width  ; trigger ; Rise       ; registrador:inst1|3~_emulated ;
; -0.056 ; 0.079        ; 0.184          ; 0.049 ; Low Pulse Width  ; trigger ; Rise       ; registrador:inst1|4~_emulated ;
; -0.056 ; 0.079        ; 0.184          ; 0.049 ; Low Pulse Width  ; trigger ; Rise       ; registrador:inst2|3~_emulated ;
; -0.056 ; 0.079        ; 0.184          ; 0.049 ; Low Pulse Width  ; trigger ; Rise       ; registrador:inst2|4~_emulated ;
; -0.056 ; 0.079        ; 0.184          ; 0.049 ; Low Pulse Width  ; trigger ; Rise       ; registrador:inst|3~_emulated  ;
; -0.056 ; 0.079        ; 0.184          ; 0.049 ; Low Pulse Width  ; trigger ; Rise       ; registrador:inst|4~_emulated  ;
; 0.118  ; 0.118        ; 0.000          ; 0.000 ; Low Pulse Width  ; trigger ; Rise       ; trigger~input|o               ;
; 0.123  ; 0.097        ; 0.000          ; 0.026 ; Low Pulse Width  ; trigger ; Rise       ; inst1|3~_emulated|clk         ;
; 0.123  ; 0.097        ; 0.000          ; 0.026 ; Low Pulse Width  ; trigger ; Rise       ; inst1|4~_emulated|clk         ;
; 0.123  ; 0.097        ; 0.000          ; 0.026 ; Low Pulse Width  ; trigger ; Rise       ; inst2|3~_emulated|clk         ;
; 0.123  ; 0.097        ; 0.000          ; 0.026 ; Low Pulse Width  ; trigger ; Rise       ; inst2|4~_emulated|clk         ;
; 0.123  ; 0.097        ; 0.000          ; 0.026 ; Low Pulse Width  ; trigger ; Rise       ; inst|3~_emulated|clk          ;
; 0.123  ; 0.097        ; 0.000          ; 0.026 ; Low Pulse Width  ; trigger ; Rise       ; inst|4~_emulated|clk          ;
; 0.132  ; 0.129        ; 0.000          ; 0.003 ; Low Pulse Width  ; trigger ; Rise       ; trigger~inputclkctrl|inclk[0] ;
; 0.132  ; 0.129        ; 0.000          ; 0.003 ; Low Pulse Width  ; trigger ; Rise       ; trigger~inputclkctrl|outclk   ;
; 0.500  ; 0.500        ; 0.000          ; 0.000 ; High Pulse Width ; trigger ; Rise       ; trigger~input|i               ;
; 0.500  ; 0.500        ; 0.000          ; 0.000 ; Low Pulse Width  ; trigger ; Rise       ; trigger~input|i               ;
; 0.655  ; 0.822        ; 0.216          ; 0.049 ; High Pulse Width ; trigger ; Rise       ; registrador:inst1|3~_emulated ;
; 0.655  ; 0.822        ; 0.216          ; 0.049 ; High Pulse Width ; trigger ; Rise       ; registrador:inst1|4~_emulated ;
; 0.655  ; 0.822        ; 0.216          ; 0.049 ; High Pulse Width ; trigger ; Rise       ; registrador:inst2|3~_emulated ;
; 0.655  ; 0.822        ; 0.216          ; 0.049 ; High Pulse Width ; trigger ; Rise       ; registrador:inst2|4~_emulated ;
; 0.655  ; 0.822        ; 0.216          ; 0.049 ; High Pulse Width ; trigger ; Rise       ; registrador:inst|3~_emulated  ;
; 0.655  ; 0.822        ; 0.216          ; 0.049 ; High Pulse Width ; trigger ; Rise       ; registrador:inst|4~_emulated  ;
; 0.867  ; 0.864        ; 0.000          ; 0.003 ; High Pulse Width ; trigger ; Rise       ; trigger~inputclkctrl|inclk[0] ;
; 0.867  ; 0.864        ; 0.000          ; 0.003 ; High Pulse Width ; trigger ; Rise       ; trigger~inputclkctrl|outclk   ;
; 0.876  ; 0.850        ; 0.000          ; 0.026 ; High Pulse Width ; trigger ; Rise       ; inst1|3~_emulated|clk         ;
; 0.876  ; 0.850        ; 0.000          ; 0.026 ; High Pulse Width ; trigger ; Rise       ; inst1|4~_emulated|clk         ;
; 0.876  ; 0.850        ; 0.000          ; 0.026 ; High Pulse Width ; trigger ; Rise       ; inst2|3~_emulated|clk         ;
; 0.876  ; 0.850        ; 0.000          ; 0.026 ; High Pulse Width ; trigger ; Rise       ; inst2|4~_emulated|clk         ;
; 0.876  ; 0.850        ; 0.000          ; 0.026 ; High Pulse Width ; trigger ; Rise       ; inst|3~_emulated|clk          ;
; 0.876  ; 0.850        ; 0.000          ; 0.026 ; High Pulse Width ; trigger ; Rise       ; inst|4~_emulated|clk          ;
; 0.882  ; 0.882        ; 0.000          ; 0.000 ; High Pulse Width ; trigger ; Rise       ; trigger~input|o               ;
+--------+--------------+----------------+-------+------------------+---------+------------+-------------------------------+


+-----------------------------------------------------------------------+
; Setup Times                                                           ;
+-----------+------------+-------+-------+------------+-----------------+
; Data Port ; Clock Port ; Rise  ; Fall  ; Clock Edge ; Clock Reference ;
+-----------+------------+-------+-------+------------+-----------------+
; in_0      ; trigger    ; 1.062 ; 1.676 ; Rise       ; trigger         ;
; in_1      ; trigger    ; 0.776 ; 1.329 ; Rise       ; trigger         ;
; in_2      ; trigger    ; 0.779 ; 1.326 ; Rise       ; trigger         ;
; in_3      ; trigger    ; 0.857 ; 1.428 ; Rise       ; trigger         ;
; in_4      ; trigger    ; 0.883 ; 1.466 ; Rise       ; trigger         ;
; in_5      ; trigger    ; 0.976 ; 1.555 ; Rise       ; trigger         ;
+-----------+------------+-------+-------+------------+-----------------+


+-------------------------------------------------------------------------+
; Hold Times                                                              ;
+-----------+------------+--------+--------+------------+-----------------+
; Data Port ; Clock Port ; Rise   ; Fall   ; Clock Edge ; Clock Reference ;
+-----------+------------+--------+--------+------------+-----------------+
; in_0      ; trigger    ; -0.823 ; -1.400 ; Rise       ; trigger         ;
; in_1      ; trigger    ; -0.559 ; -1.110 ; Rise       ; trigger         ;
; in_2      ; trigger    ; -0.563 ; -1.108 ; Rise       ; trigger         ;
; in_3      ; trigger    ; -0.641 ; -1.188 ; Rise       ; trigger         ;
; in_4      ; trigger    ; -0.665 ; -1.224 ; Rise       ; trigger         ;
; in_5      ; trigger    ; -0.752 ; -1.329 ; Rise       ; trigger         ;
+-----------+------------+--------+--------+------------+-----------------+


+-----------------------------------------------------------------------+
; Clock to Output Times                                                 ;
+-----------+------------+-------+-------+------------+-----------------+
; Data Port ; Clock Port ; Rise  ; Fall  ; Clock Edge ; Clock Reference ;
+-----------+------------+-------+-------+------------+-----------------+
; out_0     ; trigger    ; 3.669 ; 3.686 ; Rise       ; trigger         ;
; out_1     ; trigger    ; 3.646 ; 3.677 ; Rise       ; trigger         ;
; out_2     ; trigger    ; 3.629 ; 3.650 ; Rise       ; trigger         ;
; out_3     ; trigger    ; 3.663 ; 3.693 ; Rise       ; trigger         ;
; out_4     ; trigger    ; 3.639 ; 3.653 ; Rise       ; trigger         ;
; out_5     ; trigger    ; 5.052 ; 5.270 ; Rise       ; trigger         ;
+-----------+------------+-------+-------+------------+-----------------+


+-----------------------------------------------------------------------+
; Minimum Clock to Output Times                                         ;
+-----------+------------+-------+-------+------------+-----------------+
; Data Port ; Clock Port ; Rise  ; Fall  ; Clock Edge ; Clock Reference ;
+-----------+------------+-------+-------+------------+-----------------+
; out_0     ; trigger    ; 3.555 ; 3.578 ; Rise       ; trigger         ;
; out_1     ; trigger    ; 3.530 ; 3.567 ; Rise       ; trigger         ;
; out_2     ; trigger    ; 3.514 ; 3.541 ; Rise       ; trigger         ;
; out_3     ; trigger    ; 3.547 ; 3.583 ; Rise       ; trigger         ;
; out_4     ; trigger    ; 3.525 ; 3.546 ; Rise       ; trigger         ;
; out_5     ; trigger    ; 4.932 ; 5.094 ; Rise       ; trigger         ;
+-----------+------------+-------+-------+------------+-----------------+


+----------------------------------------------------------+
; Propagation Delay                                        ;
+------------+-------------+-------+-------+-------+-------+
; Input Port ; Output Port ; RR    ; RF    ; FR    ; FF    ;
+------------+-------------+-------+-------+-------+-------+
; clear      ; out_0       ;       ; 4.444 ; 5.051 ;       ;
; clear      ; out_1       ;       ; 4.430 ; 5.022 ;       ;
; clear      ; out_2       ;       ; 4.401 ; 5.002 ;       ;
; clear      ; out_3       ;       ; 4.445 ; 5.035 ;       ;
; clear      ; out_4       ;       ; 4.404 ; 5.010 ;       ;
; clear      ; out_5       ;       ; 5.871 ; 6.309 ;       ;
; preset     ; out_0       ; 4.200 ;       ;       ; 4.835 ;
; preset     ; out_1       ; 4.171 ;       ;       ; 4.820 ;
; preset     ; out_2       ; 4.152 ;       ;       ; 4.791 ;
; preset     ; out_3       ; 4.185 ;       ;       ; 4.833 ;
; preset     ; out_4       ; 4.160 ;       ;       ; 4.792 ;
; preset     ; out_5       ; 5.458 ;       ;       ; 6.261 ;
+------------+-------------+-------+-------+-------+-------+


+----------------------------------------------------------+
; Minimum Propagation Delay                                ;
+------------+-------------+-------+-------+-------+-------+
; Input Port ; Output Port ; RR    ; RF    ; FR    ; FF    ;
+------------+-------------+-------+-------+-------+-------+
; clear      ; out_0       ;       ; 4.293 ; 4.894 ;       ;
; clear      ; out_1       ;       ; 4.279 ; 4.865 ;       ;
; clear      ; out_2       ;       ; 4.252 ; 4.847 ;       ;
; clear      ; out_3       ;       ; 4.294 ; 4.879 ;       ;
; clear      ; out_4       ;       ; 4.255 ; 4.854 ;       ;
; clear      ; out_5       ;       ; 5.699 ; 6.132 ;       ;
; preset     ; out_0       ; 4.103 ;       ;       ; 4.727 ;
; preset     ; out_1       ; 4.074 ;       ;       ; 4.712 ;
; preset     ; out_2       ; 4.056 ;       ;       ; 4.684 ;
; preset     ; out_3       ; 4.088 ;       ;       ; 4.725 ;
; preset     ; out_4       ; 4.064 ;       ;       ; 4.686 ;
; preset     ; out_5       ; 5.341 ;       ;       ; 6.132 ;
+------------+-------------+-------+-------+-------+-------+


+----------------------------------------------------------------------------+
; Multicorner Timing Analysis Summary                                        ;
+------------------+-------+------+----------+---------+---------------------+
; Clock            ; Setup ; Hold ; Recovery ; Removal ; Minimum Pulse Width ;
+------------------+-------+------+----------+---------+---------------------+
; Worst-case Slack ; 0.0   ; 0.0  ; 0.0      ; 0.0     ; -3.000              ;
; Design-wide TNS  ; 0.0   ; 0.0  ; 0.0      ; 0.0     ; N/A                 ;
+------------------+-------+------+----------+---------+---------------------+


+-----------------------------------------------------------------------+
; Setup Times                                                           ;
+-----------+------------+-------+-------+------------+-----------------+
; Data Port ; Clock Port ; Rise  ; Fall  ; Clock Edge ; Clock Reference ;
+-----------+------------+-------+-------+------------+-----------------+
; in_0      ; trigger    ; 1.980 ; 2.399 ; Rise       ; trigger         ;
; in_1      ; trigger    ; 1.464 ; 1.837 ; Rise       ; trigger         ;
; in_2      ; trigger    ; 1.433 ; 1.812 ; Rise       ; trigger         ;
; in_3      ; trigger    ; 1.577 ; 1.985 ; Rise       ; trigger         ;
; in_4      ; trigger    ; 1.628 ; 2.037 ; Rise       ; trigger         ;
; in_5      ; trigger    ; 1.764 ; 2.159 ; Rise       ; trigger         ;
+-----------+------------+-------+-------+------------+-----------------+


+-------------------------------------------------------------------------+
; Hold Times                                                              ;
+-----------+------------+--------+--------+------------+-----------------+
; Data Port ; Clock Port ; Rise   ; Fall   ; Clock Edge ; Clock Reference ;
+-----------+------------+--------+--------+------------+-----------------+
; in_0      ; trigger    ; -0.823 ; -1.400 ; Rise       ; trigger         ;
; in_1      ; trigger    ; -0.559 ; -1.110 ; Rise       ; trigger         ;
; in_2      ; trigger    ; -0.563 ; -1.108 ; Rise       ; trigger         ;
; in_3      ; trigger    ; -0.641 ; -1.188 ; Rise       ; trigger         ;
; in_4      ; trigger    ; -0.665 ; -1.224 ; Rise       ; trigger         ;
; in_5      ; trigger    ; -0.752 ; -1.329 ; Rise       ; trigger         ;
+-----------+------------+--------+--------+------------+-----------------+


+-----------------------------------------------------------------------+
; Clock to Output Times                                                 ;
+-----------+------------+-------+-------+------------+-----------------+
; Data Port ; Clock Port ; Rise  ; Fall  ; Clock Edge ; Clock Reference ;
+-----------+------------+-------+-------+------------+-----------------+
; out_0     ; trigger    ; 6.065 ; 6.058 ; Rise       ; trigger         ;
; out_1     ; trigger    ; 6.078 ; 6.070 ; Rise       ; trigger         ;
; out_2     ; trigger    ; 6.037 ; 6.001 ; Rise       ; trigger         ;
; out_3     ; trigger    ; 6.097 ; 6.067 ; Rise       ; trigger         ;
; out_4     ; trigger    ; 6.071 ; 6.035 ; Rise       ; trigger         ;
; out_5     ; trigger    ; 8.230 ; 8.391 ; Rise       ; trigger         ;
+-----------+------------+-------+-------+------------+-----------------+


+-----------------------------------------------------------------------+
; Minimum Clock to Output Times                                         ;
+-----------+------------+-------+-------+------------+-----------------+
; Data Port ; Clock Port ; Rise  ; Fall  ; Clock Edge ; Clock Reference ;
+-----------+------------+-------+-------+------------+-----------------+
; out_0     ; trigger    ; 3.555 ; 3.578 ; Rise       ; trigger         ;
; out_1     ; trigger    ; 3.530 ; 3.567 ; Rise       ; trigger         ;
; out_2     ; trigger    ; 3.514 ; 3.541 ; Rise       ; trigger         ;
; out_3     ; trigger    ; 3.547 ; 3.583 ; Rise       ; trigger         ;
; out_4     ; trigger    ; 3.525 ; 3.546 ; Rise       ; trigger         ;
; out_5     ; trigger    ; 4.932 ; 5.094 ; Rise       ; trigger         ;
+-----------+------------+-------+-------+------------+-----------------+


+----------------------------------------------------------+
; Progagation Delay                                        ;
+------------+-------------+-------+-------+-------+-------+
; Input Port ; Output Port ; RR    ; RF    ; FR    ; FF    ;
+------------+-------------+-------+-------+-------+-------+
; clear      ; out_0       ;       ; 7.477 ; 7.886 ;       ;
; clear      ; out_1       ;       ; 7.484 ; 7.894 ;       ;
; clear      ; out_2       ;       ; 7.412 ; 7.850 ;       ;
; clear      ; out_3       ;       ; 7.475 ; 7.909 ;       ;
; clear      ; out_4       ;       ; 7.443 ; 7.881 ;       ;
; clear      ; out_5       ;       ; 9.527 ; 9.836 ;       ;
; preset     ; out_0       ; 6.981 ;       ;       ; 7.469 ;
; preset     ; out_1       ; 6.990 ;       ;       ; 7.476 ;
; preset     ; out_2       ; 6.947 ;       ;       ; 7.405 ;
; preset     ; out_3       ; 7.006 ;       ;       ; 7.469 ;
; preset     ; out_4       ; 6.981 ;       ;       ; 7.436 ;
; preset     ; out_5       ; 8.933 ;       ;       ; 9.519 ;
+------------+-------------+-------+-------+-------+-------+


+----------------------------------------------------------+
; Minimum Progagation Delay                                ;
+------------+-------------+-------+-------+-------+-------+
; Input Port ; Output Port ; RR    ; RF    ; FR    ; FF    ;
+------------+-------------+-------+-------+-------+-------+
; clear      ; out_0       ;       ; 4.293 ; 4.894 ;       ;
; clear      ; out_1       ;       ; 4.279 ; 4.865 ;       ;
; clear      ; out_2       ;       ; 4.252 ; 4.847 ;       ;
; clear      ; out_3       ;       ; 4.294 ; 4.879 ;       ;
; clear      ; out_4       ;       ; 4.255 ; 4.854 ;       ;
; clear      ; out_5       ;       ; 5.699 ; 6.132 ;       ;
; preset     ; out_0       ; 4.103 ;       ;       ; 4.727 ;
; preset     ; out_1       ; 4.074 ;       ;       ; 4.712 ;
; preset     ; out_2       ; 4.056 ;       ;       ; 4.684 ;
; preset     ; out_3       ; 4.088 ;       ;       ; 4.725 ;
; preset     ; out_4       ; 4.064 ;       ;       ; 4.686 ;
; preset     ; out_5       ; 5.341 ;       ;       ; 6.132 ;
+------------+-------------+-------+-------+-------+-------+


+------------------------------------------------------------------------------------------------------------------------------------------------------------------------------------------------------------------------------------------------------------------------------------------------------------------------------------------------------------------+
; Board Trace Model Assignments                                                                                                                                                                                                                                                                                                                                    ;
+---------------+--------------+-------------------+-------------------------+-------------------------+---------------+---------------------+----------------+------------------+--------+------------------+------------------------+------------------------+--------------+---------------+-----------------+-------+---------------------+--------------------+
; Pin           ; I/O Standard ; Near Tline Length ; Near Tline L per Length ; Near Tline C per Length ; Near Series R ; Near Differential R ; Near Pull-up R ; Near Pull-down R ; Near C ; Far Tline Length ; Far Tline L per Length ; Far Tline C per Length ; Far Series R ; Far Pull-up R ; Far Pull-down R ; Far C ; Termination Voltage ; Far Differential R ;
+---------------+--------------+-------------------+-------------------------+-------------------------+---------------+---------------------+----------------+------------------+--------+------------------+------------------------+------------------------+--------------+---------------+-----------------+-------+---------------------+--------------------+
; out_5         ; 2.5 V        ; 0 in              ; 0 H/in                  ; 0 F/in                  ; short         ; -                   ; open           ; open             ; open   ; 0 in             ; 0 H/in                 ; 0 F/in                 ; short        ; open          ; open            ; open  ; 0 V                 ; -                  ;
; out_4         ; 2.5 V        ; 0 in              ; 0 H/in                  ; 0 F/in                  ; short         ; -                   ; open           ; open             ; open   ; 0 in             ; 0 H/in                 ; 0 F/in                 ; short        ; open          ; open            ; open  ; 0 V                 ; -                  ;
; out_3         ; 2.5 V        ; 0 in              ; 0 H/in                  ; 0 F/in                  ; short         ; -                   ; open           ; open             ; open   ; 0 in             ; 0 H/in                 ; 0 F/in                 ; short        ; open          ; open            ; open  ; 0 V                 ; -                  ;
; out_2         ; 2.5 V        ; 0 in              ; 0 H/in                  ; 0 F/in                  ; short         ; -                   ; open           ; open             ; open   ; 0 in             ; 0 H/in                 ; 0 F/in                 ; short        ; open          ; open            ; open  ; 0 V                 ; -                  ;
; out_1         ; 2.5 V        ; 0 in              ; 0 H/in                  ; 0 F/in                  ; short         ; -                   ; open           ; open             ; open   ; 0 in             ; 0 H/in                 ; 0 F/in                 ; short        ; open          ; open            ; open  ; 0 V                 ; -                  ;
; out_0         ; 2.5 V        ; 0 in              ; 0 H/in                  ; 0 F/in                  ; short         ; -                   ; open           ; open             ; open   ; 0 in             ; 0 H/in                 ; 0 F/in                 ; short        ; open          ; open            ; open  ; 0 V                 ; -                  ;
; ~ALTERA_DCLK~ ; 2.5 V        ; 0 in              ; 0 H/in                  ; 0 F/in                  ; short         ; -                   ; open           ; open             ; open   ; 0 in             ; 0 H/in                 ; 0 F/in                 ; short        ; open          ; open            ; open  ; 0 V                 ; -                  ;
; ~ALTERA_nCEO~ ; 2.5 V        ; 0 in              ; 0 H/in                  ; 0 F/in                  ; short         ; -                   ; open           ; open             ; open   ; 0 in             ; 0 H/in                 ; 0 F/in                 ; short        ; open          ; open            ; open  ; 0 V                 ; -                  ;
+---------------+--------------+-------------------+-------------------------+-------------------------+---------------+---------------------+----------------+------------------+--------+------------------+------------------------+------------------------+--------------+---------------+-----------------+-------+---------------------+--------------------+


+----------------------------------------------------------------------------+
; Input Transition Times                                                     ;
+-------------------------+--------------+-----------------+-----------------+
; Pin                     ; I/O Standard ; 10-90 Rise Time ; 90-10 Fall Time ;
+-------------------------+--------------+-----------------+-----------------+
; preset                  ; 2.5 V        ; 2000 ps         ; 2000 ps         ;
; clear                   ; 2.5 V        ; 2000 ps         ; 2000 ps         ;
; in_5                    ; 2.5 V        ; 2000 ps         ; 2000 ps         ;
; trigger                 ; 2.5 V        ; 2000 ps         ; 2000 ps         ;
; in_4                    ; 2.5 V        ; 2000 ps         ; 2000 ps         ;
; in_3                    ; 2.5 V        ; 2000 ps         ; 2000 ps         ;
; in_2                    ; 2.5 V        ; 2000 ps         ; 2000 ps         ;
; in_1                    ; 2.5 V        ; 2000 ps         ; 2000 ps         ;
; in_0                    ; 2.5 V        ; 2000 ps         ; 2000 ps         ;
; ~ALTERA_ASDO_DATA1~     ; 2.5 V        ; 2000 ps         ; 2000 ps         ;
; ~ALTERA_FLASH_nCE_nCSO~ ; 2.5 V        ; 2000 ps         ; 2000 ps         ;
; ~ALTERA_DATA0~          ; 2.5 V        ; 2000 ps         ; 2000 ps         ;
+-------------------------+--------------+-----------------+-----------------+


+--------------------------------------------------------------------------------------------------------------------------------------------------------------------------------------------------------------------------------------------------------------------------------------------------------------------------------------------------------------------------------------------------------------------------------------------------------------------------------------------------------------------------------------------------------------------------------------------------------------------------------------------------------------------------------------------+
; Slow Corner Signal Integrity Metrics                                                                                                                                                                                                                                                                                                                                                                                                                                                                                                                                                                                                                                                       ;
+---------------+--------------+---------------------+---------------------+------------------------------+------------------------------+---------------------+---------------------+--------------------------------------+--------------------------------------+-----------------------------+-----------------------------+----------------------------+----------------------------+-----------------------------+-----------------------------+--------------------+--------------------+-------------------------------------+-------------------------------------+----------------------------+----------------------------+---------------------------+---------------------------+
; Pin           ; I/O Standard ; Board Delay on Rise ; Board Delay on Fall ; Steady State Voh at FPGA Pin ; Steady State Vol at FPGA Pin ; Voh Max at FPGA Pin ; Vol Min at FPGA Pin ; Ringback Voltage on Rise at FPGA Pin ; Ringback Voltage on Fall at FPGA Pin ; 10-90 Rise Time at FPGA Pin ; 90-10 Fall Time at FPGA Pin ; Monotonic Rise at FPGA Pin ; Monotonic Fall at FPGA Pin ; Steady State Voh at Far-end ; Steady State Vol at Far-end ; Voh Max at Far-end ; Vol Min at Far-end ; Ringback Voltage on Rise at Far-end ; Ringback Voltage on Fall at Far-end ; 10-90 Rise Time at Far-end ; 90-10 Fall Time at Far-end ; Monotonic Rise at Far-end ; Monotonic Fall at Far-end ;
+---------------+--------------+---------------------+---------------------+------------------------------+------------------------------+---------------------+---------------------+--------------------------------------+--------------------------------------+-----------------------------+-----------------------------+----------------------------+----------------------------+-----------------------------+-----------------------------+--------------------+--------------------+-------------------------------------+-------------------------------------+----------------------------+----------------------------+---------------------------+---------------------------+
; out_5         ; 2.5 V        ; 0 s                 ; 0 s                 ; 2.32 V                       ; 1.08e-006 V                  ; 2.33 V              ; -0.00342 V          ; 0.17 V                               ; 0.084 V                              ; 3.33e-009 s                 ; 3.24e-009 s                 ; Yes                        ; Yes                        ; 2.32 V                      ; 1.08e-006 V                 ; 2.33 V             ; -0.00342 V         ; 0.17 V                              ; 0.084 V                             ; 3.33e-009 s                ; 3.24e-009 s                ; Yes                       ; Yes                       ;
; out_4         ; 2.5 V        ; 0 s                 ; 0 s                 ; 2.32 V                       ; 7.26e-007 V                  ; 2.35 V              ; -0.011 V            ; 0.113 V                              ; 0.035 V                              ; 7.76e-010 s                 ; 8.05e-010 s                 ; Yes                        ; Yes                        ; 2.32 V                      ; 7.26e-007 V                 ; 2.35 V             ; -0.011 V           ; 0.113 V                             ; 0.035 V                             ; 7.76e-010 s                ; 8.05e-010 s                ; Yes                       ; Yes                       ;
; out_3         ; 2.5 V        ; 0 s                 ; 0 s                 ; 2.32 V                       ; 7.26e-007 V                  ; 2.35 V              ; -0.011 V            ; 0.113 V                              ; 0.035 V                              ; 7.76e-010 s                 ; 8.05e-010 s                 ; Yes                        ; Yes                        ; 2.32 V                      ; 7.26e-007 V                 ; 2.35 V             ; -0.011 V           ; 0.113 V                             ; 0.035 V                             ; 7.76e-010 s                ; 8.05e-010 s                ; Yes                       ; Yes                       ;
; out_2         ; 2.5 V        ; 0 s                 ; 0 s                 ; 2.32 V                       ; 7.26e-007 V                  ; 2.35 V              ; -0.011 V            ; 0.113 V                              ; 0.035 V                              ; 7.76e-010 s                 ; 8.05e-010 s                 ; Yes                        ; Yes                        ; 2.32 V                      ; 7.26e-007 V                 ; 2.35 V             ; -0.011 V           ; 0.113 V                             ; 0.035 V                             ; 7.76e-010 s                ; 8.05e-010 s                ; Yes                       ; Yes                       ;
; out_1         ; 2.5 V        ; 0 s                 ; 0 s                 ; 2.32 V                       ; 7.26e-007 V                  ; 2.35 V              ; -0.011 V            ; 0.113 V                              ; 0.035 V                              ; 7.76e-010 s                 ; 8.05e-010 s                 ; Yes                        ; Yes                        ; 2.32 V                      ; 7.26e-007 V                 ; 2.35 V             ; -0.011 V           ; 0.113 V                             ; 0.035 V                             ; 7.76e-010 s                ; 8.05e-010 s                ; Yes                       ; Yes                       ;
; out_0         ; 2.5 V        ; 0 s                 ; 0 s                 ; 2.32 V                       ; 7.26e-007 V                  ; 2.35 V              ; -0.011 V            ; 0.113 V                              ; 0.035 V                              ; 7.76e-010 s                 ; 8.05e-010 s                 ; Yes                        ; Yes                        ; 2.32 V                      ; 7.26e-007 V                 ; 2.35 V             ; -0.011 V           ; 0.113 V                             ; 0.035 V                             ; 7.76e-010 s                ; 8.05e-010 s                ; Yes                       ; Yes                       ;
; ~ALTERA_DCLK~ ; 2.5 V        ; 0 s                 ; 0 s                 ; 2.32 V                       ; 5.68e-007 V                  ; 2.35 V              ; -0.0132 V           ; 0.2 V                                ; 0.027 V                              ; 5.26e-010 s                 ; 4.81e-010 s                 ; Yes                        ; Yes                        ; 2.32 V                      ; 5.68e-007 V                 ; 2.35 V             ; -0.0132 V          ; 0.2 V                               ; 0.027 V                             ; 5.26e-010 s                ; 4.81e-010 s                ; Yes                       ; Yes                       ;
; ~ALTERA_nCEO~ ; 2.5 V        ; 0 s                 ; 0 s                 ; 2.32 V                       ; 9.36e-007 V                  ; 2.35 V              ; -0.00483 V          ; 0.18 V                               ; 0.019 V                              ; 7.23e-010 s                 ; 9.82e-010 s                 ; Yes                        ; Yes                        ; 2.32 V                      ; 9.36e-007 V                 ; 2.35 V             ; -0.00483 V         ; 0.18 V                              ; 0.019 V                             ; 7.23e-010 s                ; 9.82e-010 s                ; Yes                       ; Yes                       ;
+---------------+--------------+---------------------+---------------------+------------------------------+------------------------------+---------------------+---------------------+--------------------------------------+--------------------------------------+-----------------------------+-----------------------------+----------------------------+----------------------------+-----------------------------+-----------------------------+--------------------+--------------------+-------------------------------------+-------------------------------------+----------------------------+----------------------------+---------------------------+---------------------------+


+--------------------------------------------------------------------------------------------------------------------------------------------------------------------------------------------------------------------------------------------------------------------------------------------------------------------------------------------------------------------------------------------------------------------------------------------------------------------------------------------------------------------------------------------------------------------------------------------------------------------------------------------------------------------------------------------+
; Fast Corner Signal Integrity Metrics                                                                                                                                                                                                                                                                                                                                                                                                                                                                                                                                                                                                                                                       ;
+---------------+--------------+---------------------+---------------------+------------------------------+------------------------------+---------------------+---------------------+--------------------------------------+--------------------------------------+-----------------------------+-----------------------------+----------------------------+----------------------------+-----------------------------+-----------------------------+--------------------+--------------------+-------------------------------------+-------------------------------------+----------------------------+----------------------------+---------------------------+---------------------------+
; Pin           ; I/O Standard ; Board Delay on Rise ; Board Delay on Fall ; Steady State Voh at FPGA Pin ; Steady State Vol at FPGA Pin ; Voh Max at FPGA Pin ; Vol Min at FPGA Pin ; Ringback Voltage on Rise at FPGA Pin ; Ringback Voltage on Fall at FPGA Pin ; 10-90 Rise Time at FPGA Pin ; 90-10 Fall Time at FPGA Pin ; Monotonic Rise at FPGA Pin ; Monotonic Fall at FPGA Pin ; Steady State Voh at Far-end ; Steady State Vol at Far-end ; Voh Max at Far-end ; Vol Min at Far-end ; Ringback Voltage on Rise at Far-end ; Ringback Voltage on Fall at Far-end ; 10-90 Rise Time at Far-end ; 90-10 Fall Time at Far-end ; Monotonic Rise at Far-end ; Monotonic Fall at Far-end ;
+---------------+--------------+---------------------+---------------------+------------------------------+------------------------------+---------------------+---------------------+--------------------------------------+--------------------------------------+-----------------------------+-----------------------------+----------------------------+----------------------------+-----------------------------+-----------------------------+--------------------+--------------------+-------------------------------------+-------------------------------------+----------------------------+----------------------------+---------------------------+---------------------------+
; out_5         ; 2.5 V        ; 0 s                 ; 0 s                 ; 2.62 V                       ; 4.11e-008 V                  ; 2.64 V              ; -0.011 V            ; 0.212 V                              ; 0.198 V                              ; 2.38e-009 s                 ; 2.29e-009 s                 ; No                         ; Yes                        ; 2.62 V                      ; 4.11e-008 V                 ; 2.64 V             ; -0.011 V           ; 0.212 V                             ; 0.198 V                             ; 2.38e-009 s                ; 2.29e-009 s                ; No                        ; Yes                       ;
; out_4         ; 2.5 V        ; 0 s                 ; 0 s                 ; 2.62 V                       ; 2.78e-008 V                  ; 2.71 V              ; -0.0352 V           ; 0.253 V                              ; 0.068 V                              ; 4.96e-010 s                 ; 5.19e-010 s                 ; No                         ; Yes                        ; 2.62 V                      ; 2.78e-008 V                 ; 2.71 V             ; -0.0352 V          ; 0.253 V                             ; 0.068 V                             ; 4.96e-010 s                ; 5.19e-010 s                ; No                        ; Yes                       ;
; out_3         ; 2.5 V        ; 0 s                 ; 0 s                 ; 2.62 V                       ; 2.78e-008 V                  ; 2.71 V              ; -0.0352 V           ; 0.253 V                              ; 0.068 V                              ; 4.96e-010 s                 ; 5.19e-010 s                 ; No                         ; Yes                        ; 2.62 V                      ; 2.78e-008 V                 ; 2.71 V             ; -0.0352 V          ; 0.253 V                             ; 0.068 V                             ; 4.96e-010 s                ; 5.19e-010 s                ; No                        ; Yes                       ;
; out_2         ; 2.5 V        ; 0 s                 ; 0 s                 ; 2.62 V                       ; 2.78e-008 V                  ; 2.71 V              ; -0.0352 V           ; 0.253 V                              ; 0.068 V                              ; 4.96e-010 s                 ; 5.19e-010 s                 ; No                         ; Yes                        ; 2.62 V                      ; 2.78e-008 V                 ; 2.71 V             ; -0.0352 V          ; 0.253 V                             ; 0.068 V                             ; 4.96e-010 s                ; 5.19e-010 s                ; No                        ; Yes                       ;
; out_1         ; 2.5 V        ; 0 s                 ; 0 s                 ; 2.62 V                       ; 2.78e-008 V                  ; 2.71 V              ; -0.0352 V           ; 0.253 V                              ; 0.068 V                              ; 4.96e-010 s                 ; 5.19e-010 s                 ; No                         ; Yes                        ; 2.62 V                      ; 2.78e-008 V                 ; 2.71 V             ; -0.0352 V          ; 0.253 V                             ; 0.068 V                             ; 4.96e-010 s                ; 5.19e-010 s                ; No                        ; Yes                       ;
; out_0         ; 2.5 V        ; 0 s                 ; 0 s                 ; 2.62 V                       ; 2.78e-008 V                  ; 2.71 V              ; -0.0352 V           ; 0.253 V                              ; 0.068 V                              ; 4.96e-010 s                 ; 5.19e-010 s                 ; No                         ; Yes                        ; 2.62 V                      ; 2.78e-008 V                 ; 2.71 V             ; -0.0352 V          ; 0.253 V                             ; 0.068 V                             ; 4.96e-010 s                ; 5.19e-010 s                ; No                        ; Yes                       ;
; ~ALTERA_DCLK~ ; 2.5 V        ; 0 s                 ; 0 s                 ; 2.62 V                       ; 2.19e-008 V                  ; 2.72 V              ; -0.0746 V           ; 0.28 V                               ; 0.169 V                              ; 3.1e-010 s                  ; 3.01e-010 s                 ; No                         ; Yes                        ; 2.62 V                      ; 2.19e-008 V                 ; 2.72 V             ; -0.0746 V          ; 0.28 V                              ; 0.169 V                             ; 3.1e-010 s                 ; 3.01e-010 s                ; No                        ; Yes                       ;
; ~ALTERA_nCEO~ ; 2.5 V        ; 0 s                 ; 0 s                 ; 2.62 V                       ; 3.53e-008 V                  ; 2.7 V               ; -0.021 V            ; 0.204 V                              ; 0.048 V                              ; 4.85e-010 s                 ; 6.74e-010 s                 ; No                         ; Yes                        ; 2.62 V                      ; 3.53e-008 V                 ; 2.7 V              ; -0.021 V           ; 0.204 V                             ; 0.048 V                             ; 4.85e-010 s                ; 6.74e-010 s                ; No                        ; Yes                       ;
+---------------+--------------+---------------------+---------------------+------------------------------+------------------------------+---------------------+---------------------+--------------------------------------+--------------------------------------+-----------------------------+-----------------------------+----------------------------+----------------------------+-----------------------------+-----------------------------+--------------------+--------------------+-------------------------------------+-------------------------------------+----------------------------+----------------------------+---------------------------+---------------------------+


-------------------
; Clock Transfers ;
-------------------
No clock transfers to report.


---------------
; Report TCCS ;
---------------
No dedicated SERDES Transmitter circuitry present in device or used in design.


---------------
; Report RSKM ;
---------------
No dedicated SERDES Receiver circuitry present in device or used in design.


+------------------------------------------------+
; Unconstrained Paths                            ;
+---------------------------------+-------+------+
; Property                        ; Setup ; Hold ;
+---------------------------------+-------+------+
; Illegal Clocks                  ; 0     ; 0    ;
; Unconstrained Clocks            ; 0     ; 0    ;
; Unconstrained Input Ports       ; 8     ; 8    ;
; Unconstrained Input Port Paths  ; 32    ; 32   ;
; Unconstrained Output Ports      ; 6     ; 6    ;
; Unconstrained Output Port Paths ; 24    ; 24   ;
+---------------------------------+-------+------+


+------------------------------------+
; TimeQuest Timing Analyzer Messages ;
+------------------------------------+
Info: *******************************************************************
Info: Running Quartus II TimeQuest Timing Analyzer
    Info: Version 9.0 Build 132 02/25/2009 SJ Web Edition
    Info: Processing started: Mon May 15 15:41:55 2017
Info: Command: quartus_sta mdr6b -c mdr6b
Info: qsta_default_script.tcl version: #3
Info: Core supply voltage is 1.2V
Info: Low junction temperature is 0 degrees C
Info: High junction temperature is 85 degrees C
Warning: Timing Analysis is analyzing one or more combinational loops as latches
    Warning: Node "inst|3~latch|combout" is a latch
Critical Warning: Synopsys Design Constraints File file not found: 'mdr6b.sdc'. A Synopsys Design Constraints File is required by the TimeQuest Timing Analyzer to get proper timing constraints. Without it, the Compiler will not properly optimize the design.
Info: No user constrained base clocks found in the design. Calling "derive_clocks -period 1.0"
Info: Deriving Clocks
    Info: create_clock -period 1.000 -name trigger trigger
Info: Analyzing Slow 1200mV 85C Model
Info: No fmax paths to report
Info: No setup paths to report
Info: No hold paths to report
Info: No recovery paths to report
Info: No removal paths to report
Critical Warning: Timing requirements not met
Critical Warning: Found minimum pulse width or period violations. See Report Minimum Pulse Width for details.
Info: The Metastability Analysis global option is set to OFF.
Info: No synchronizer chains to report.
Info: Analyzing Slow 1200mV 0C Model
Info: Started post-fitting delay annotation
Info: Delay annotation completed successfully
Info: No fmax paths to report
Info: No setup paths to report
Info: No hold paths to report
Info: No recovery paths to report
Info: No removal paths to report
Critical Warning: Timing requirements not met
Critical Warning: Found minimum pulse width or period violations. See Report Minimum Pulse Width for details.
Info: The Metastability Analysis global option is set to OFF.
Info: No synchronizer chains to report.
Info: Analyzing Fast 1200mV 0C Model
Info: Started post-fitting delay annotation
Info: Delay annotation completed successfully
Info: No setup paths to report
Info: No hold paths to report
Info: No recovery paths to report
Info: No removal paths to report
Critical Warning: Timing requirements not met
Critical Warning: Found minimum pulse width or period violations. See Report Minimum Pulse Width for details.
Info: The Metastability Analysis global option is set to OFF.
Info: No synchronizer chains to report.
Info: Design is not fully constrained for setup requirements
Info: Design is not fully constrained for hold requirements
Info: Quartus II TimeQuest Timing Analyzer was successful. 0 errors, 9 warnings
    Info: Peak virtual memory: 225 megabytes
    Info: Processing ended: Mon May 15 15:41:56 2017
    Info: Elapsed time: 00:00:01
    Info: Total CPU time (on all processors): 00:00:01


